2018-02-25 13:50:03,916 INFO o.a.j.u.JMeterUtils: Setting Locale to en_US
2018-02-25 13:50:03,934 INFO o.a.j.JMeter: Loading user properties from: /home/callouswander/lib/apache-jmeter-3.3/bin/user.properties
2018-02-25 13:50:03,935 INFO o.a.j.JMeter: Loading system properties from: /home/callouswander/lib/apache-jmeter-3.3/bin/system.properties
2018-02-25 13:50:03,951 INFO o.a.j.JMeter: Copyright (c) 1998-2017 The Apache Software Foundation
2018-02-25 13:50:03,951 INFO o.a.j.JMeter: Version 3.3 r1808647
2018-02-25 13:50:03,951 INFO o.a.j.JMeter: java.version=1.8.0_161
2018-02-25 13:50:03,952 INFO o.a.j.JMeter: java.vm.name=Java HotSpot(TM) 64-Bit Server VM
2018-02-25 13:50:03,952 INFO o.a.j.JMeter: os.name=Linux
2018-02-25 13:50:03,952 INFO o.a.j.JMeter: os.arch=amd64
2018-02-25 13:50:03,952 INFO o.a.j.JMeter: os.version=4.13.0-32-generic
2018-02-25 13:50:03,952 INFO o.a.j.JMeter: file.encoding=UTF-8
2018-02-25 13:50:03,952 INFO o.a.j.JMeter: Max memory     =536870912
2018-02-25 13:50:03,952 INFO o.a.j.JMeter: Available Processors =3
2018-02-25 13:50:03,961 INFO o.a.j.JMeter: Default Locale=English (United States)
2018-02-25 13:50:03,962 INFO o.a.j.JMeter: JMeter  Locale=English (United States)
2018-02-25 13:50:03,962 INFO o.a.j.JMeter: JMeterHome=/home/callouswander/lib/apache-jmeter-3.3
2018-02-25 13:50:03,962 INFO o.a.j.JMeter: user.dir  =/home/callouswander/Workspace/myLocalGit/csye6225-spring2018/jmeter
2018-02-25 13:50:03,962 INFO o.a.j.JMeter: PWD       =/home/callouswander/Workspace/myLocalGit/csye6225-spring2018/jmeter
2018-02-25 13:50:03,962 INFO o.a.j.JMeter: IP: 127.0.1.1 Name: ubuntu FullName: ubuntu
2018-02-25 13:50:03,967 INFO o.a.j.s.FileServer: Default base='/home/callouswander/Workspace/myLocalGit/csye6225-spring2018/jmeter'
2018-02-25 13:50:03,967 INFO o.a.j.s.FileServer: Set new base='/home/callouswander/Workspace/myLocalGit/csye6225-spring2018/jmeter'
2018-02-25 13:50:04,256 INFO o.a.j.s.SaveService: Testplan (JMX) version: 2.2. Testlog (JTL) version: 2.2
2018-02-25 13:50:04,274 INFO o.a.j.s.SaveService: Using SaveService properties file encoding UTF-8
2018-02-25 13:50:04,280 INFO o.a.j.s.SaveService: Using SaveService properties version 3.2
2018-02-25 13:50:04,287 INFO o.a.j.s.SaveService: Loading file: assignment2Test.jmx
2018-02-25 13:50:04,361 INFO o.a.j.p.h.s.HTTPSamplerBase: Parser for text/html is org.apache.jmeter.protocol.http.parser.LagartoBasedHtmlParser
2018-02-25 13:50:04,361 INFO o.a.j.p.h.s.HTTPSamplerBase: Parser for application/xhtml+xml is org.apache.jmeter.protocol.http.parser.LagartoBasedHtmlParser
2018-02-25 13:50:04,361 INFO o.a.j.p.h.s.HTTPSamplerBase: Parser for application/xml is org.apache.jmeter.protocol.http.parser.LagartoBasedHtmlParser
2018-02-25 13:50:04,361 INFO o.a.j.p.h.s.HTTPSamplerBase: Parser for text/xml is org.apache.jmeter.protocol.http.parser.LagartoBasedHtmlParser
2018-02-25 13:50:04,361 INFO o.a.j.p.h.s.HTTPSamplerBase: Parser for text/vnd.wap.wml is org.apache.jmeter.protocol.http.parser.RegexpHTMLParser
2018-02-25 13:50:04,361 INFO o.a.j.p.h.s.HTTPSamplerBase: Parser for text/css is org.apache.jmeter.protocol.http.parser.CssParser
2018-02-25 13:50:04,406 INFO o.a.j.JMeter: Creating summariser <summary>
2018-02-25 13:50:04,414 INFO o.a.j.e.StandardJMeterEngine: Running the test!
2018-02-25 13:50:04,415 INFO o.a.j.s.SampleEvent: List of sample_variables: []
2018-02-25 13:50:04,415 INFO o.a.j.s.SampleEvent: List of sample_variables: []
2018-02-25 13:50:04,424 INFO o.a.j.e.u.CompoundVariable: Note: Function class names must contain the string: '.functions.'
2018-02-25 13:50:04,424 INFO o.a.j.e.u.CompoundVariable: Note: Function class names must not contain the string: '.gui.'
2018-02-25 13:50:05,161 INFO o.a.j.t.TestPlan: added /Users/dongqi/Downloads/mysql-connector-java-5.1.45/mysql-connector-java-5.1.45-bin.jar to classpath
2018-02-25 13:50:05,164 INFO o.a.j.JMeter: Running test (1519584605164)
2018-02-25 13:50:05,302 INFO o.a.j.e.StandardJMeterEngine: Starting ThreadGroup: 1 : signuptest
2018-02-25 13:50:05,302 INFO o.a.j.e.StandardJMeterEngine: Starting 100 threads for group signuptest.
2018-02-25 13:50:05,302 INFO o.a.j.e.StandardJMeterEngine: Thread will continue on error
2018-02-25 13:50:05,303 INFO o.a.j.t.ThreadGroup: Starting thread group... number=1 threads=100 ramp-up=1 perThread=10.0 delayedStart=false
2018-02-25 13:50:05,454 INFO o.a.j.t.JMeterThread: Thread started: signuptest 1-1
2018-02-25 13:50:05,456 INFO o.a.j.s.FileServer: Stored: /home/callouswander/Workspace/myLocalGit/csye6225-spring2018/jmeter/userpasswordTestList.csv
2018-02-25 13:50:05,461 INFO o.a.j.t.JMeterThread: Thread started: signuptest 1-2
2018-02-25 13:50:05,477 INFO o.a.j.t.JMeterThread: Thread started: signuptest 1-3
2018-02-25 13:50:05,486 INFO o.a.j.t.JMeterThread: Thread started: signuptest 1-4
2018-02-25 13:50:05,493 INFO o.a.j.t.JMeterThread: Thread started: signuptest 1-5
2018-02-25 13:50:05,496 INFO o.a.j.p.h.s.HTTPHCAbstractImpl: Local host = ubuntu
2018-02-25 13:50:05,503 INFO o.a.j.t.JMeterThread: Thread started: signuptest 1-6
2018-02-25 13:50:05,511 INFO o.a.j.p.h.s.HTTPHC4Impl: HTTP request retry count = 0
2018-02-25 13:50:05,517 INFO o.a.j.t.JMeterThread: Thread started: signuptest 1-7
2018-02-25 13:50:05,523 INFO o.a.j.t.JMeterThread: Thread started: signuptest 1-8
2018-02-25 13:50:05,533 INFO o.a.j.t.JMeterThread: Thread started: signuptest 1-9
2018-02-25 13:50:05,544 INFO o.a.j.t.JMeterThread: Thread started: signuptest 1-10
2018-02-25 13:50:05,552 INFO o.a.j.t.JMeterThread: Thread started: signuptest 1-11
2018-02-25 13:50:05,566 INFO o.a.j.t.JMeterThread: Thread started: signuptest 1-12
2018-02-25 13:50:05,573 INFO o.a.j.t.JMeterThread: Thread started: signuptest 1-13
2018-02-25 13:50:05,587 INFO o.a.j.t.JMeterThread: Thread started: signuptest 1-14
2018-02-25 13:50:05,590 INFO o.a.j.s.SampleResult: Note: Sample TimeStamps are START times
2018-02-25 13:50:05,590 INFO o.a.j.s.SampleResult: sampleresult.default.encoding is set to ISO-8859-1
2018-02-25 13:50:05,590 INFO o.a.j.s.SampleResult: sampleresult.useNanoTime=true
2018-02-25 13:50:05,590 INFO o.a.j.s.SampleResult: sampleresult.nanoThreadSleep=5000
2018-02-25 13:50:05,600 INFO o.a.j.t.JMeterThread: Thread started: signuptest 1-15
2018-02-25 13:50:05,607 INFO o.a.j.t.JMeterThread: Thread started: signuptest 1-16
2018-02-25 13:50:05,617 INFO o.a.j.t.JMeterThread: Thread started: signuptest 1-17
2018-02-25 13:50:05,627 INFO o.a.j.t.JMeterThread: Thread started: signuptest 1-18
2018-02-25 13:50:05,636 INFO o.a.j.t.JMeterThread: Thread started: signuptest 1-19
2018-02-25 13:50:05,647 INFO o.a.j.t.JMeterThread: Thread started: signuptest 1-20
2018-02-25 13:50:05,656 INFO o.a.j.t.JMeterThread: Thread started: signuptest 1-21
2018-02-25 13:50:05,666 INFO o.a.j.t.JMeterThread: Thread started: signuptest 1-22
2018-02-25 13:50:05,682 INFO o.a.j.t.JMeterThread: Thread started: signuptest 1-23
2018-02-25 13:50:05,691 INFO o.a.j.t.ThreadGroup: Started thread group number 1
2018-02-25 13:50:05,691 INFO o.a.j.e.StandardJMeterEngine: Starting ThreadGroup: 2 : login Test
2018-02-25 13:50:05,692 INFO o.a.j.e.StandardJMeterEngine: Starting 100 threads for group login Test.
2018-02-25 13:50:05,692 INFO o.a.j.e.StandardJMeterEngine: Thread will continue on error
2018-02-25 13:50:05,692 INFO o.a.j.t.ThreadGroup: Starting thread group... number=2 threads=100 ramp-up=1 perThread=10.0 delayedStart=false
2018-02-25 13:50:05,686 INFO o.a.j.t.JMeterThread: Thread started: signuptest 1-24
2018-02-25 13:50:05,696 INFO o.a.j.t.JMeterThread: Thread started: signuptest 1-25
2018-02-25 13:50:05,701 INFO o.a.j.t.JMeterThread: Thread started: signuptest 1-26
2018-02-25 13:50:05,715 INFO o.a.j.t.JMeterThread: Thread started: signuptest 1-27
2018-02-25 13:50:05,716 INFO o.a.j.t.JMeterThread: Thread started: login Test 2-1
2018-02-25 13:50:05,723 INFO o.a.j.t.JMeterThread: Thread started: signuptest 1-28
2018-02-25 13:50:05,733 INFO o.a.j.t.JMeterThread: Thread started: signuptest 1-29
2018-02-25 13:50:05,736 INFO o.a.j.t.JMeterThread: Thread started: login Test 2-3
2018-02-25 13:50:05,734 INFO o.a.j.t.JMeterThread: Thread started: login Test 2-2
2018-02-25 13:50:05,743 INFO o.a.j.t.JMeterThread: Thread started: signuptest 1-30
2018-02-25 13:50:05,753 INFO o.a.j.t.JMeterThread: Thread started: signuptest 1-31
2018-02-25 13:50:05,763 INFO o.a.j.t.JMeterThread: Thread started: signuptest 1-32
2018-02-25 13:50:05,763 INFO o.a.j.t.JMeterThread: Thread started: login Test 2-4
2018-02-25 13:50:05,765 INFO o.a.j.t.JMeterThread: Thread started: login Test 2-5
2018-02-25 13:50:05,773 INFO o.a.j.t.JMeterThread: Thread started: signuptest 1-33
2018-02-25 13:50:05,783 INFO o.a.j.t.JMeterThread: Thread started: signuptest 1-34
2018-02-25 13:50:05,787 INFO o.a.j.t.JMeterThread: Thread started: login Test 2-6
2018-02-25 13:50:05,796 INFO o.a.j.t.JMeterThread: Thread started: login Test 2-7
2018-02-25 13:50:05,797 INFO o.a.j.t.JMeterThread: Thread started: signuptest 1-35
2018-02-25 13:50:05,808 INFO o.a.j.t.JMeterThread: Thread started: signuptest 1-36
2018-02-25 13:50:05,813 INFO o.a.j.t.JMeterThread: Thread started: signuptest 1-37
2018-02-25 13:50:05,812 INFO o.a.j.t.JMeterThread: Thread started: login Test 2-8
2018-02-25 13:50:05,824 INFO o.a.j.t.JMeterThread: Thread started: signuptest 1-38
2018-02-25 13:50:05,826 INFO o.a.j.t.JMeterThread: Thread started: login Test 2-9
2018-02-25 13:50:05,833 INFO o.a.j.t.JMeterThread: Thread started: login Test 2-10
2018-02-25 13:50:05,843 INFO o.a.j.t.JMeterThread: Thread started: signuptest 1-39
2018-02-25 13:50:05,846 INFO o.a.j.t.JMeterThread: Thread started: signuptest 1-40
2018-02-25 13:50:05,851 INFO o.a.j.t.JMeterThread: Thread started: login Test 2-11
2018-02-25 13:50:05,861 INFO o.a.j.t.JMeterThread: Thread started: login Test 2-12
2018-02-25 13:50:05,872 INFO o.a.j.t.JMeterThread: Thread started: login Test 2-13
2018-02-25 13:50:05,873 INFO o.a.j.t.JMeterThread: Thread started: signuptest 1-41
2018-02-25 13:50:05,878 INFO o.a.j.t.JMeterThread: Thread started: signuptest 1-42
2018-02-25 13:50:05,887 INFO o.a.j.t.JMeterThread: Thread started: login Test 2-14
2018-02-25 13:50:05,902 INFO o.a.j.t.JMeterThread: Thread started: signuptest 1-43
2018-02-25 13:50:05,901 INFO o.a.j.t.JMeterThread: Thread started: login Test 2-15
2018-02-25 13:50:05,917 INFO o.a.j.t.JMeterThread: Thread started: signuptest 1-44
2018-02-25 13:50:05,924 INFO o.a.j.t.JMeterThread: Thread started: signuptest 1-45
2018-02-25 13:50:05,916 INFO o.a.j.t.JMeterThread: Thread started: login Test 2-16
2018-02-25 13:50:05,931 INFO o.a.j.t.JMeterThread: Thread started: signuptest 1-46
2018-02-25 13:50:05,948 INFO o.a.j.t.JMeterThread: Thread started: signuptest 1-47
2018-02-25 13:50:05,950 INFO o.a.j.t.JMeterThread: Thread started: login Test 2-17
2018-02-25 13:50:05,956 INFO o.a.j.t.JMeterThread: Thread started: login Test 2-18
2018-02-25 13:50:05,960 INFO o.a.j.t.JMeterThread: Thread started: signuptest 1-48
2018-02-25 13:50:05,967 INFO o.a.j.t.JMeterThread: Thread started: login Test 2-19
2018-02-25 13:50:05,972 INFO o.a.j.t.JMeterThread: Thread started: signuptest 1-49
2018-02-25 13:50:05,982 INFO o.a.j.t.JMeterThread: Thread started: signuptest 1-50
2018-02-25 13:50:05,996 INFO o.a.j.t.JMeterThread: Thread started: signuptest 1-51
2018-02-25 13:50:06,008 INFO o.a.j.t.JMeterThread: Thread started: signuptest 1-52
2018-02-25 13:50:06,024 INFO o.a.j.t.JMeterThread: Thread started: signuptest 1-53
2018-02-25 13:50:06,026 INFO o.a.j.t.JMeterThread: Thread started: login Test 2-21
2018-02-25 13:50:06,030 INFO o.a.j.t.JMeterThread: Thread started: signuptest 1-54
2018-02-25 13:50:06,035 INFO o.a.j.t.JMeterThread: Thread started: login Test 2-20
2018-02-25 13:50:06,048 INFO o.a.j.t.JMeterThread: Thread started: signuptest 1-55
2018-02-25 13:50:06,056 INFO o.a.j.t.JMeterThread: Thread started: login Test 2-22
2018-02-25 13:50:06,057 INFO o.a.j.t.JMeterThread: Thread started: signuptest 1-56
2018-02-25 13:50:06,062 INFO o.a.j.t.JMeterThread: Thread started: login Test 2-23
2018-02-25 13:50:06,080 INFO o.a.j.t.JMeterThread: Thread started: login Test 2-24
2018-02-25 13:50:06,082 INFO o.a.j.t.JMeterThread: Thread started: signuptest 1-57
2018-02-25 13:50:06,100 INFO o.a.j.t.JMeterThread: Thread started: login Test 2-25
2018-02-25 13:50:06,103 INFO o.a.j.t.JMeterThread: Thread started: signuptest 1-59
2018-02-25 13:50:06,120 INFO o.a.j.t.JMeterThread: Thread started: signuptest 1-60
2018-02-25 13:50:06,121 INFO o.a.j.t.JMeterThread: Thread started: login Test 2-26
2018-02-25 13:50:06,132 INFO o.a.j.t.JMeterThread: Thread started: login Test 2-27
2018-02-25 13:50:06,136 INFO o.a.j.t.JMeterThread: Thread started: signuptest 1-61
2018-02-25 13:50:06,143 INFO o.a.j.t.JMeterThread: Thread started: signuptest 1-62
2018-02-25 13:50:06,156 INFO o.a.j.t.JMeterThread: Thread started: signuptest 1-63
2018-02-25 13:50:06,161 INFO o.a.j.t.JMeterThread: Thread started: login Test 2-28
2018-02-25 13:50:06,157 INFO o.a.j.t.JMeterThread: Thread started: signuptest 1-58
2018-02-25 13:50:06,168 INFO o.a.j.t.JMeterThread: Thread started: login Test 2-29
2018-02-25 13:50:06,173 INFO o.a.j.t.JMeterThread: Thread started: signuptest 1-64
2018-02-25 13:50:06,180 INFO o.a.j.t.JMeterThread: Thread started: signuptest 1-65
2018-02-25 13:50:06,197 INFO o.a.j.t.JMeterThread: Thread started: login Test 2-30
2018-02-25 13:50:06,198 INFO o.a.j.t.JMeterThread: Thread started: signuptest 1-66
2018-02-25 13:50:06,212 INFO o.a.j.t.JMeterThread: Thread started: signuptest 1-67
2018-02-25 13:50:06,216 INFO o.a.j.t.JMeterThread: Thread started: login Test 2-31
2018-02-25 13:50:06,232 INFO o.a.j.t.JMeterThread: Thread started: signuptest 1-68
2018-02-25 13:50:06,240 INFO o.a.j.t.JMeterThread: Thread started: signuptest 1-69
2018-02-25 13:50:06,252 INFO o.a.j.t.JMeterThread: Thread started: login Test 2-32
2018-02-25 13:50:06,256 INFO o.a.j.t.JMeterThread: Thread started: signuptest 1-70
2018-02-25 13:50:06,258 INFO o.a.j.t.JMeterThread: Thread started: login Test 2-33
2018-02-25 13:50:06,272 INFO o.a.j.t.JMeterThread: Thread started: signuptest 1-71
2018-02-25 13:50:06,280 INFO o.a.j.t.JMeterThread: Thread started: signuptest 1-72
2018-02-25 13:50:06,301 INFO o.a.j.t.JMeterThread: Thread started: login Test 2-34
2018-02-25 13:50:06,308 INFO o.a.j.t.JMeterThread: Thread started: signuptest 1-74
2018-02-25 13:50:06,300 INFO o.a.j.t.JMeterThread: Thread started: signuptest 1-73
2018-02-25 13:50:06,316 INFO o.a.j.t.JMeterThread: Thread started: signuptest 1-75
2018-02-25 13:50:06,344 INFO o.a.j.t.JMeterThread: Thread started: signuptest 1-77
2018-02-25 13:50:06,344 INFO o.a.j.t.JMeterThread: Thread started: login Test 2-35
2018-02-25 13:50:06,345 INFO o.a.j.t.JMeterThread: Thread started: signuptest 1-76
2018-02-25 13:50:06,349 INFO o.a.j.t.JMeterThread: Thread started: login Test 2-36
2018-02-25 13:50:06,364 INFO o.a.j.t.JMeterThread: Thread started: login Test 2-37
2018-02-25 13:50:06,364 INFO o.a.j.t.JMeterThread: Thread started: signuptest 1-78
2018-02-25 13:50:06,373 INFO o.a.j.t.JMeterThread: Thread started: signuptest 1-79
2018-02-25 13:50:06,392 INFO o.a.j.t.JMeterThread: Thread started: signuptest 1-80
2018-02-25 13:50:06,400 INFO o.a.j.t.JMeterThread: Thread started: login Test 2-39
2018-02-25 13:50:06,381 INFO o.a.j.t.JMeterThread: Thread started: login Test 2-38
2018-02-25 13:50:06,399 INFO o.a.j.t.JMeterThread: Thread started: signuptest 1-81
2018-02-25 13:50:06,414 INFO o.a.j.t.JMeterThread: Thread started: login Test 2-40
2018-02-25 13:50:06,414 INFO o.a.j.t.JMeterThread: Thread started: signuptest 1-82
2018-02-25 13:50:06,468 INFO o.a.j.t.JMeterThread: Thread started: signuptest 1-86
2018-02-25 13:50:06,472 INFO o.a.j.t.JMeterThread: Thread started: login Test 2-43
2018-02-25 13:50:06,482 INFO o.a.j.t.JMeterThread: Thread started: signuptest 1-83
2018-02-25 13:50:06,500 INFO o.a.j.t.JMeterThread: Thread started: login Test 2-44
2018-02-25 13:50:06,502 INFO o.a.j.t.JMeterThread: Thread started: signuptest 1-87
2018-02-25 13:50:06,516 INFO o.a.j.t.JMeterThread: Thread started: signuptest 1-89
2018-02-25 13:50:06,517 INFO o.a.j.t.JMeterThread: Thread started: signuptest 1-88
2018-02-25 13:50:06,518 INFO o.a.j.t.JMeterThread: Thread started: login Test 2-45
2018-02-25 13:50:06,460 INFO o.a.j.t.JMeterThread: Thread started: signuptest 1-84
2018-02-25 13:50:06,460 INFO o.a.j.t.JMeterThread: Thread started: login Test 2-41
2018-02-25 13:50:06,524 INFO o.a.j.t.JMeterThread: Thread started: signuptest 1-90
2018-02-25 13:50:06,527 INFO o.a.j.t.JMeterThread: Thread started: login Test 2-46
2018-02-25 13:50:06,453 INFO o.a.j.t.JMeterThread: Thread started: signuptest 1-85
2018-02-25 13:50:06,458 INFO o.a.j.t.JMeterThread: Thread started: login Test 2-42
2018-02-25 13:50:06,540 INFO o.a.j.t.JMeterThread: Thread started: login Test 2-47
2018-02-25 13:50:06,544 INFO o.a.j.t.JMeterThread: Thread started: signuptest 1-91
2018-02-25 13:50:06,551 INFO o.a.j.t.JMeterThread: Thread started: login Test 2-48
2018-02-25 13:50:06,564 INFO o.a.j.t.JMeterThread: Thread started: signuptest 1-92
2018-02-25 13:50:06,571 INFO o.a.j.t.JMeterThread: Thread started: login Test 2-49
2018-02-25 13:50:06,584 INFO o.a.j.t.JMeterThread: Thread started: signuptest 1-93
2018-02-25 13:50:06,592 INFO o.a.j.t.JMeterThread: Thread started: signuptest 1-94
2018-02-25 13:50:06,593 INFO o.a.j.t.JMeterThread: Thread started: login Test 2-50
2018-02-25 13:50:06,623 INFO o.a.j.t.JMeterThread: Thread started: signuptest 1-96
2018-02-25 13:50:06,632 INFO o.a.j.t.JMeterThread: Thread started: signuptest 1-95
2018-02-25 13:50:06,635 INFO o.a.j.t.JMeterThread: Thread started: login Test 2-52
2018-02-25 13:50:06,640 INFO o.a.j.t.JMeterThread: Thread started: login Test 2-51
2018-02-25 13:50:06,642 INFO o.a.j.t.JMeterThread: Thread started: signuptest 1-97
2018-02-25 13:50:06,648 INFO o.a.j.t.JMeterThread: Thread started: login Test 2-53
2018-02-25 13:50:06,674 INFO o.a.j.t.JMeterThread: Thread started: signuptest 1-98
2018-02-25 13:50:06,676 INFO o.a.j.t.JMeterThread: Thread started: login Test 2-55
2018-02-25 13:50:06,685 INFO o.a.j.t.JMeterThread: Thread started: login Test 2-54
2018-02-25 13:50:06,686 INFO o.a.j.t.JMeterThread: Thread started: login Test 2-56
2018-02-25 13:50:06,699 INFO o.a.j.t.JMeterThread: Thread started: login Test 2-57
2018-02-25 13:50:06,706 INFO o.a.j.t.JMeterThread: Thread started: signuptest 1-100
2018-02-25 13:50:06,713 INFO o.a.j.t.JMeterThread: Thread started: login Test 2-58
2018-02-25 13:50:06,725 INFO o.a.j.t.JMeterThread: Thread started: signuptest 1-99
2018-02-25 13:50:06,728 INFO o.a.j.t.ThreadGroup: Started thread group number 2
2018-02-25 13:50:06,728 INFO o.a.j.e.StandardJMeterEngine: Starting ThreadGroup: 3 : request for index
2018-02-25 13:50:06,728 INFO o.a.j.e.StandardJMeterEngine: Starting 100 threads for group request for index.
2018-02-25 13:50:06,728 INFO o.a.j.e.StandardJMeterEngine: Thread will continue on error
2018-02-25 13:50:06,729 INFO o.a.j.t.ThreadGroup: Starting thread group... number=3 threads=100 ramp-up=1 perThread=10.0 delayedStart=false
2018-02-25 13:50:06,772 INFO o.a.j.t.JMeterThread: Thread started: login Test 2-60
2018-02-25 13:50:06,792 INFO o.a.j.t.JMeterThread: Thread started: login Test 2-59
2018-02-25 13:50:06,800 INFO o.a.j.t.JMeterThread: Thread started: login Test 2-61
2018-02-25 13:50:06,816 INFO o.a.j.t.JMeterThread: Thread started: login Test 2-62
2018-02-25 13:50:06,892 INFO o.a.j.t.JMeterThread: Thread started: login Test 2-65
2018-02-25 13:50:06,893 INFO o.a.j.t.JMeterThread: Thread started: login Test 2-63
2018-02-25 13:50:06,893 INFO o.a.j.t.JMeterThread: Thread started: login Test 2-64
2018-02-25 13:50:06,897 INFO o.a.j.t.JMeterThread: Thread started: login Test 2-66
2018-02-25 13:50:06,923 INFO o.a.j.t.JMeterThread: Thread started: request for index 3-1
2018-02-25 13:50:06,923 INFO o.a.j.s.FileServer: Stored: /home/callouswander/Workspace/myLocalGit/csye6225-spring2018/jmeter/userTestList.csv
2018-02-25 13:50:06,933 INFO o.a.j.t.JMeterThread: Thread started: login Test 2-67
2018-02-25 13:50:06,936 INFO o.a.j.t.JMeterThread: Thread started: request for index 3-2
2018-02-25 13:50:06,949 INFO o.a.j.t.JMeterThread: Thread started: login Test 2-69
2018-02-25 13:50:06,953 INFO o.a.j.t.JMeterThread: Thread started: request for index 3-4
2018-02-25 13:50:06,959 INFO o.a.j.t.JMeterThread: Thread started: login Test 2-68
2018-02-25 13:50:06,956 INFO o.a.j.t.JMeterThread: Thread started: request for index 3-3
2018-02-25 13:50:06,984 INFO o.a.j.t.JMeterThread: Thread started: request for index 3-8
2018-02-25 13:50:06,983 INFO o.a.j.t.JMeterThread: Thread started: request for index 3-6
2018-02-25 13:50:06,981 INFO o.a.j.t.JMeterThread: Thread started: login Test 2-70
2018-02-25 13:50:06,973 INFO o.a.j.t.JMeterThread: Thread started: request for index 3-9
2018-02-25 13:50:06,976 INFO o.a.j.t.JMeterThread: Thread started: request for index 3-5
2018-02-25 13:50:06,994 INFO o.a.j.t.JMeterThread: Thread started: request for index 3-7
2018-02-25 13:50:07,020 INFO o.a.j.t.JMeterThread: Thread started: request for index 3-11
2018-02-25 13:50:07,023 INFO o.a.j.t.JMeterThread: Thread started: request for index 3-10
2018-02-25 13:50:07,040 INFO o.a.j.t.JMeterThread: Thread started: request for index 3-12
2018-02-25 13:50:07,043 INFO o.a.j.t.JMeterThread: Thread started: login Test 2-71
2018-02-25 13:50:07,080 INFO o.a.j.t.JMeterThread: Thread started: login Test 2-72
2018-02-25 13:50:07,106 INFO o.a.j.t.JMeterThread: Thread started: request for index 3-14
2018-02-25 13:50:07,100 INFO o.a.j.t.JMeterThread: Thread started: request for index 3-13
2018-02-25 13:50:07,132 INFO o.a.j.t.JMeterThread: Thread started: request for index 3-15
2018-02-25 13:50:07,140 INFO o.a.j.t.JMeterThread: Thread started: request for index 3-16
2018-02-25 13:50:07,216 INFO o.a.j.t.JMeterThread: Thread started: request for index 3-17
2018-02-25 13:50:07,225 INFO o.a.j.t.JMeterThread: Thread started: request for index 3-18
2018-02-25 13:50:07,236 INFO o.a.j.t.JMeterThread: Thread started: login Test 2-73
2018-02-25 13:50:07,248 INFO o.a.j.t.JMeterThread: Thread started: login Test 2-74
2018-02-25 13:50:07,248 INFO o.a.j.t.JMeterThread: Thread started: request for index 3-19
2018-02-25 13:50:07,250 INFO o.a.j.t.JMeterThread: Thread started: request for index 3-20
2018-02-25 13:50:07,256 INFO o.a.j.t.JMeterThread: Thread started: login Test 2-75
2018-02-25 13:50:07,267 INFO o.a.j.t.JMeterThread: Thread started: login Test 2-76
2018-02-25 13:50:07,268 INFO o.a.j.t.JMeterThread: Thread started: request for index 3-21
2018-02-25 13:50:07,275 INFO o.a.j.t.JMeterThread: Thread started: login Test 2-77
2018-02-25 13:50:07,285 INFO o.a.j.t.JMeterThread: Thread started: login Test 2-78
2018-02-25 13:50:07,316 INFO o.a.j.t.JMeterThread: Thread started: login Test 2-81
2018-02-25 13:50:07,324 INFO o.a.j.t.JMeterThread: Thread started: request for index 3-23
2018-02-25 13:50:07,327 INFO o.a.j.t.JMeterThread: Thread started: login Test 2-82
2018-02-25 13:50:07,333 INFO o.a.j.t.JMeterThread: Thread started: login Test 2-79
2018-02-25 13:50:07,336 INFO o.a.j.t.JMeterThread: Thread started: request for index 3-22
2018-02-25 13:50:07,336 INFO o.a.j.t.JMeterThread: Thread started: request for index 3-24
2018-02-25 13:50:07,351 INFO o.a.j.t.JMeterThread: Thread started: login Test 2-80
2018-02-25 13:50:07,354 INFO o.a.j.t.JMeterThread: Thread started: request for index 3-25
2018-02-25 13:50:07,361 INFO o.a.j.t.JMeterThread: Thread started: request for index 3-26
2018-02-25 13:50:07,365 INFO o.a.j.t.JMeterThread: Thread started: login Test 2-84
2018-02-25 13:50:07,374 INFO o.a.j.t.JMeterThread: Thread started: login Test 2-83
2018-02-25 13:50:07,390 INFO o.a.j.t.JMeterThread: Thread started: request for index 3-27
2018-02-25 13:50:07,406 INFO o.a.j.t.JMeterThread: Thread started: request for index 3-28
2018-02-25 13:50:07,431 INFO o.a.j.t.JMeterThread: Thread started: request for index 3-29
2018-02-25 13:50:07,436 INFO o.a.j.t.JMeterThread: Thread started: request for index 3-30
2018-02-25 13:50:07,462 INFO o.a.j.t.JMeterThread: Thread started: request for index 3-31
2018-02-25 13:50:07,476 INFO o.a.j.t.JMeterThread: Thread started: request for index 3-32
2018-02-25 13:50:07,500 INFO o.a.j.t.JMeterThread: Thread started: request for index 3-33
2018-02-25 13:50:07,516 INFO o.a.j.t.JMeterThread: Thread started: request for index 3-34
2018-02-25 13:50:07,522 INFO o.a.j.t.JMeterThread: Thread started: request for index 3-35
2018-02-25 13:50:07,542 INFO o.a.j.t.JMeterThread: Thread started: request for index 3-36
2018-02-25 13:50:07,553 INFO o.a.j.t.JMeterThread: Thread started: request for index 3-37
2018-02-25 13:50:07,565 INFO o.a.j.t.JMeterThread: Thread started: request for index 3-38
2018-02-25 13:50:07,584 INFO o.a.j.t.JMeterThread: Thread started: request for index 3-39
2018-02-25 13:50:07,596 INFO o.a.j.t.ThreadGroup: Started thread group number 3
2018-02-25 13:50:07,596 INFO o.a.j.e.StandardJMeterEngine: All thread groups have been started
2018-02-25 13:50:07,604 INFO o.a.j.t.JMeterThread: Thread started: request for index 3-40
2018-02-25 13:50:07,614 INFO o.a.j.t.JMeterThread: Thread started: request for index 3-41
2018-02-25 13:50:07,647 INFO o.a.j.t.JMeterThread: Thread is done: login Test 2-55
2018-02-25 13:50:07,647 INFO o.a.j.t.JMeterThread: Thread finished: login Test 2-55
2018-02-25 13:50:07,648 INFO o.a.j.t.JMeterThread: Thread is done: login Test 2-12
2018-02-25 13:50:07,648 INFO o.a.j.t.JMeterThread: Thread finished: login Test 2-12
2018-02-25 13:50:07,650 INFO o.a.j.t.JMeterThread: Thread started: request for index 3-43
2018-02-25 13:50:07,662 INFO o.a.j.t.JMeterThread: Thread is done: login Test 2-49
2018-02-25 13:50:07,663 INFO o.a.j.t.JMeterThread: Thread finished: login Test 2-49
2018-02-25 13:50:07,663 INFO o.a.j.t.JMeterThread: Thread is done: login Test 2-4
2018-02-25 13:50:07,663 INFO o.a.j.t.JMeterThread: Thread finished: login Test 2-4
2018-02-25 13:50:07,664 INFO o.a.j.t.JMeterThread: Thread is done: login Test 2-8
2018-02-25 13:50:07,664 INFO o.a.j.t.JMeterThread: Thread finished: login Test 2-8
2018-02-25 13:50:07,676 INFO o.a.j.t.JMeterThread: Thread started: request for index 3-42
2018-02-25 13:50:07,679 INFO o.a.j.t.JMeterThread: Thread started: request for index 3-44
2018-02-25 13:50:07,712 INFO o.a.j.t.JMeterThread: Thread started: request for index 3-46
2018-02-25 13:50:07,720 INFO o.a.j.t.JMeterThread: Thread started: request for index 3-45
2018-02-25 13:50:07,748 INFO o.a.j.t.JMeterThread: Thread started: request for index 3-47
2018-02-25 13:50:07,761 INFO o.a.j.t.JMeterThread: Thread started: login Test 2-85
2018-02-25 13:50:07,770 INFO o.a.j.t.JMeterThread: Thread started: request for index 3-48
2018-02-25 13:50:07,771 INFO o.a.j.t.JMeterThread: Thread started: login Test 2-86
2018-02-25 13:50:07,781 INFO o.a.j.t.JMeterThread: Thread started: login Test 2-87
2018-02-25 13:50:07,788 INFO o.a.j.t.JMeterThread: Thread started: request for index 3-49
2018-02-25 13:50:07,792 INFO o.a.j.t.JMeterThread: Thread started: login Test 2-88
2018-02-25 13:50:07,803 INFO o.a.j.t.JMeterThread: Thread started: login Test 2-89
2018-02-25 13:50:07,807 INFO o.a.j.t.JMeterThread: Thread started: request for index 3-50
2018-02-25 13:50:07,812 INFO o.a.j.t.JMeterThread: Thread started: login Test 2-90
2018-02-25 13:50:07,817 INFO o.a.j.t.JMeterThread: Thread started: request for index 3-51
2018-02-25 13:50:07,821 INFO o.a.j.t.JMeterThread: Thread started: login Test 2-91
2018-02-25 13:50:07,826 INFO o.a.j.t.JMeterThread: Thread started: request for index 3-52
2018-02-25 13:50:07,829 INFO o.a.j.t.JMeterThread: Thread is done: login Test 2-11
2018-02-25 13:50:07,829 INFO o.a.j.t.JMeterThread: Thread finished: login Test 2-11
2018-02-25 13:50:07,831 INFO o.a.j.t.JMeterThread: Thread started: login Test 2-92
2018-02-25 13:50:07,841 INFO o.a.j.t.JMeterThread: Thread started: login Test 2-93
2018-02-25 13:50:07,852 INFO o.a.j.t.JMeterThread: Thread started: login Test 2-94
2018-02-25 13:50:07,862 INFO o.a.j.t.JMeterThread: Thread started: request for index 3-53
2018-02-25 13:50:07,862 INFO o.a.j.t.JMeterThread: Thread started: login Test 2-95
2018-02-25 13:50:07,871 INFO o.a.j.t.JMeterThread: Thread started: login Test 2-96
2018-02-25 13:50:07,877 INFO o.a.j.t.JMeterThread: Thread is done: signuptest 1-12
2018-02-25 13:50:07,877 INFO o.a.j.t.JMeterThread: Thread finished: signuptest 1-12
2018-02-25 13:50:07,878 INFO o.a.j.t.JMeterThread: Thread started: request for index 3-54
2018-02-25 13:50:07,882 INFO o.a.j.t.JMeterThread: Thread started: login Test 2-97
2018-02-25 13:50:07,883 INFO o.a.j.t.JMeterThread: Thread is done: login Test 2-10
2018-02-25 13:50:07,883 INFO o.a.j.t.JMeterThread: Thread finished: login Test 2-10
2018-02-25 13:50:07,892 INFO o.a.j.t.JMeterThread: Thread started: login Test 2-98
2018-02-25 13:50:07,894 INFO o.a.j.t.JMeterThread: Thread started: request for index 3-55
2018-02-25 13:50:07,902 INFO o.a.j.t.JMeterThread: Thread started: login Test 2-99
2018-02-25 13:50:07,912 INFO o.a.j.t.JMeterThread: Thread started: login Test 2-100
2018-02-25 13:50:07,914 INFO o.a.j.t.JMeterThread: Thread started: request for index 3-56
2018-02-25 13:50:07,920 INFO o.a.j.t.JMeterThread: Thread started: request for index 3-57
2018-02-25 13:50:07,950 INFO o.a.j.t.JMeterThread: Thread started: request for index 3-58
2018-02-25 13:50:07,964 INFO o.a.j.t.JMeterThread: Thread started: request for index 3-59
2018-02-25 13:50:07,977 INFO o.a.j.t.JMeterThread: Thread started: request for index 3-60
2018-02-25 13:50:07,996 INFO o.a.j.t.JMeterThread: Thread started: request for index 3-61
2018-02-25 13:50:08,009 INFO o.a.j.t.JMeterThread: Thread started: request for index 3-62
2018-02-25 13:50:08,025 INFO o.a.j.t.JMeterThread: Thread started: request for index 3-63
2018-02-25 13:50:08,038 INFO o.a.j.t.JMeterThread: Thread started: request for index 3-64
2018-02-25 13:50:08,051 INFO o.a.j.t.JMeterThread: Thread started: request for index 3-65
2018-02-25 13:50:08,064 INFO o.a.j.t.JMeterThread: Thread started: request for index 3-66
2018-02-25 13:50:08,085 INFO o.a.j.t.JMeterThread: Thread started: request for index 3-67
2018-02-25 13:50:08,091 INFO o.a.j.t.JMeterThread: Thread started: request for index 3-68
2018-02-25 13:50:08,106 INFO o.a.j.t.JMeterThread: Thread started: request for index 3-69
2018-02-25 13:50:08,118 INFO o.a.j.t.JMeterThread: Thread started: request for index 3-70
2018-02-25 13:50:08,130 INFO o.a.j.t.JMeterThread: Thread started: request for index 3-71
2018-02-25 13:50:08,144 INFO o.a.j.t.JMeterThread: Thread started: request for index 3-72
2018-02-25 13:50:08,165 INFO o.a.j.t.JMeterThread: Thread started: request for index 3-73
2018-02-25 13:50:08,169 INFO o.a.j.t.JMeterThread: Thread is done: signuptest 1-40
2018-02-25 13:50:08,169 INFO o.a.j.t.JMeterThread: Thread finished: signuptest 1-40
2018-02-25 13:50:08,175 INFO o.a.j.t.JMeterThread: Thread started: request for index 3-74
2018-02-25 13:50:08,185 INFO o.a.j.t.JMeterThread: Thread started: request for index 3-75
2018-02-25 13:50:08,201 INFO o.a.j.t.JMeterThread: Thread started: request for index 3-76
2018-02-25 13:50:08,214 INFO o.a.j.t.JMeterThread: Thread started: request for index 3-77
2018-02-25 13:50:08,228 INFO o.a.j.t.JMeterThread: Thread started: request for index 3-78
2018-02-25 13:50:08,243 INFO o.a.j.t.JMeterThread: Thread started: request for index 3-79
2018-02-25 13:50:08,257 INFO o.a.j.t.JMeterThread: Thread started: request for index 3-80
2018-02-25 13:50:08,269 INFO o.a.j.t.JMeterThread: Thread started: request for index 3-81
2018-02-25 13:50:08,271 INFO o.a.j.t.JMeterThread: Thread is done: signuptest 1-34
2018-02-25 13:50:08,271 INFO o.a.j.t.JMeterThread: Thread finished: signuptest 1-34
2018-02-25 13:50:08,277 INFO o.a.j.t.JMeterThread: Thread is done: signuptest 1-44
2018-02-25 13:50:08,277 INFO o.a.j.t.JMeterThread: Thread finished: signuptest 1-44
2018-02-25 13:50:08,282 INFO o.a.j.t.JMeterThread: Thread started: request for index 3-82
2018-02-25 13:50:08,294 INFO o.a.j.t.JMeterThread: Thread started: request for index 3-83
2018-02-25 13:50:08,306 INFO o.a.j.t.JMeterThread: Thread started: request for index 3-84
2018-02-25 13:50:08,321 INFO o.a.j.t.JMeterThread: Thread started: request for index 3-85
2018-02-25 13:50:08,332 INFO o.a.j.t.JMeterThread: Thread started: request for index 3-86
2018-02-25 13:50:08,345 INFO o.a.j.t.JMeterThread: Thread started: request for index 3-87
2018-02-25 13:50:08,368 INFO o.a.j.t.JMeterThread: Thread is done: signuptest 1-21
2018-02-25 13:50:08,368 INFO o.a.j.t.JMeterThread: Thread finished: signuptest 1-21
2018-02-25 13:50:08,372 INFO o.a.j.t.JMeterThread: Thread started: request for index 3-89
2018-02-25 13:50:08,378 INFO o.a.j.t.JMeterThread: Thread started: request for index 3-88
2018-02-25 13:50:08,380 INFO o.a.j.t.JMeterThread: Thread is done: signuptest 1-16
2018-02-25 13:50:08,380 INFO o.a.j.t.JMeterThread: Thread finished: signuptest 1-16
2018-02-25 13:50:08,391 INFO o.a.j.t.JMeterThread: Thread started: request for index 3-90
2018-02-25 13:50:08,411 INFO o.a.j.t.JMeterThread: Thread started: request for index 3-91
2018-02-25 13:50:08,424 INFO o.a.j.t.JMeterThread: Thread started: request for index 3-92
2018-02-25 13:50:08,428 INFO o.a.j.t.JMeterThread: Thread is done: signuptest 1-1
2018-02-25 13:50:08,429 INFO o.a.j.t.JMeterThread: Thread finished: signuptest 1-1
2018-02-25 13:50:08,443 INFO o.a.j.t.JMeterThread: Thread started: request for index 3-93
2018-02-25 13:50:08,457 INFO o.a.j.t.JMeterThread: Thread started: request for index 3-94
2018-02-25 13:50:08,484 INFO o.a.j.t.JMeterThread: Thread started: request for index 3-95
2018-02-25 13:50:08,529 INFO o.a.j.t.JMeterThread: Thread started: request for index 3-97
2018-02-25 13:50:08,534 INFO o.a.j.t.JMeterThread: Thread is done: signuptest 1-18
2018-02-25 13:50:08,534 INFO o.a.j.t.JMeterThread: Thread finished: signuptest 1-18
2018-02-25 13:50:08,539 INFO o.a.j.t.JMeterThread: Thread is done: login Test 2-23
2018-02-25 13:50:08,539 INFO o.a.j.t.JMeterThread: Thread finished: login Test 2-23
2018-02-25 13:50:08,544 INFO o.a.j.t.JMeterThread: Thread started: request for index 3-96
2018-02-25 13:50:08,554 INFO o.a.j.t.JMeterThread: Thread started: request for index 3-98
2018-02-25 13:50:08,579 INFO o.a.j.t.JMeterThread: Thread started: request for index 3-99
2018-02-25 13:50:08,588 INFO o.a.j.t.JMeterThread: Thread started: request for index 3-100
2018-02-25 13:50:08,621 INFO o.a.j.t.JMeterThread: Thread is done: request for index 3-40
2018-02-25 13:50:08,621 INFO o.a.j.t.JMeterThread: Thread finished: request for index 3-40
2018-02-25 13:50:08,666 INFO o.a.j.t.JMeterThread: Thread is done: signuptest 1-32
2018-02-25 13:50:08,666 INFO o.a.j.t.JMeterThread: Thread finished: signuptest 1-32
2018-02-25 13:50:08,874 INFO o.a.j.t.JMeterThread: Thread is done: login Test 2-16
2018-02-25 13:50:08,874 INFO o.a.j.t.JMeterThread: Thread finished: login Test 2-16
2018-02-25 13:50:08,875 INFO o.a.j.t.JMeterThread: Thread is done: signuptest 1-15
2018-02-25 13:50:08,875 INFO o.a.j.t.JMeterThread: Thread finished: signuptest 1-15
2018-02-25 13:50:08,915 INFO o.a.j.t.JMeterThread: Thread is done: signuptest 1-3
2018-02-25 13:50:08,915 INFO o.a.j.t.JMeterThread: Thread finished: signuptest 1-3
2018-02-25 13:50:08,917 INFO o.a.j.t.JMeterThread: Thread is done: request for index 3-17
2018-02-25 13:50:08,917 INFO o.a.j.t.JMeterThread: Thread finished: request for index 3-17
2018-02-25 13:50:08,929 INFO o.a.j.t.JMeterThread: Thread is done: login Test 2-9
2018-02-25 13:50:08,929 INFO o.a.j.t.JMeterThread: Thread finished: login Test 2-9
2018-02-25 13:50:08,966 INFO o.a.j.t.JMeterThread: Thread is done: request for index 3-11
2018-02-25 13:50:08,966 INFO o.a.j.t.JMeterThread: Thread finished: request for index 3-11
2018-02-25 13:50:08,977 INFO o.a.j.t.JMeterThread: Thread is done: request for index 3-49
2018-02-25 13:50:08,977 INFO o.a.j.t.JMeterThread: Thread finished: request for index 3-49
2018-02-25 13:50:08,989 INFO o.a.j.t.JMeterThread: Thread is done: signuptest 1-8
2018-02-25 13:50:08,989 INFO o.a.j.t.JMeterThread: Thread finished: signuptest 1-8
2018-02-25 13:50:08,994 INFO o.a.j.t.JMeterThread: Thread is done: signuptest 1-47
2018-02-25 13:50:08,994 INFO o.a.j.t.JMeterThread: Thread finished: signuptest 1-47
2018-02-25 13:50:08,995 INFO o.a.j.t.JMeterThread: Thread is done: signuptest 1-9
2018-02-25 13:50:08,995 INFO o.a.j.t.JMeterThread: Thread finished: signuptest 1-9
2018-02-25 13:50:08,999 INFO o.a.j.t.JMeterThread: Thread is done: request for index 3-9
2018-02-25 13:50:08,999 INFO o.a.j.t.JMeterThread: Thread finished: request for index 3-9
2018-02-25 13:50:09,000 INFO o.a.j.t.JMeterThread: Thread is done: request for index 3-7
2018-02-25 13:50:09,000 INFO o.a.j.t.JMeterThread: Thread finished: request for index 3-7
2018-02-25 13:50:09,002 INFO o.a.j.t.JMeterThread: Thread is done: request for index 3-59
2018-02-25 13:50:09,002 INFO o.a.j.t.JMeterThread: Thread finished: request for index 3-59
2018-02-25 13:50:09,003 INFO o.a.j.t.JMeterThread: Thread is done: request for index 3-65
2018-02-25 13:50:09,003 INFO o.a.j.t.JMeterThread: Thread finished: request for index 3-65
2018-02-25 13:50:09,006 INFO o.a.j.t.JMeterThread: Thread is done: request for index 3-16
2018-02-25 13:50:09,006 INFO o.a.j.t.JMeterThread: Thread finished: request for index 3-16
2018-02-25 13:50:09,015 INFO o.a.j.t.JMeterThread: Thread is done: signuptest 1-37
2018-02-25 13:50:09,015 INFO o.a.j.t.JMeterThread: Thread finished: signuptest 1-37
2018-02-25 13:50:09,024 INFO o.a.j.t.JMeterThread: Thread is done: signuptest 1-75
2018-02-25 13:50:09,024 INFO o.a.j.t.JMeterThread: Thread finished: signuptest 1-75
2018-02-25 13:50:09,031 INFO o.a.j.t.JMeterThread: Thread is done: request for index 3-42
2018-02-25 13:50:09,031 INFO o.a.j.t.JMeterThread: Thread finished: request for index 3-42
2018-02-25 13:50:09,072 INFO o.a.j.t.JMeterThread: Thread is done: request for index 3-6
2018-02-25 13:50:09,072 INFO o.a.j.t.JMeterThread: Thread finished: request for index 3-6
2018-02-25 13:50:09,092 INFO o.a.j.t.JMeterThread: Thread is done: request for index 3-27
2018-02-25 13:50:09,092 INFO o.a.j.t.JMeterThread: Thread finished: request for index 3-27
2018-02-25 13:50:09,106 INFO o.a.j.t.JMeterThread: Thread is done: login Test 2-3
2018-02-25 13:50:09,106 INFO o.a.j.t.JMeterThread: Thread finished: login Test 2-3
2018-02-25 13:50:09,162 INFO o.a.j.t.JMeterThread: Thread is done: signuptest 1-41
2018-02-25 13:50:09,162 INFO o.a.j.t.JMeterThread: Thread finished: signuptest 1-41
2018-02-25 13:50:09,167 INFO o.a.j.t.JMeterThread: Thread is done: signuptest 1-79
2018-02-25 13:50:09,167 INFO o.a.j.t.JMeterThread: Thread finished: signuptest 1-79
2018-02-25 13:50:09,177 INFO o.a.j.t.JMeterThread: Thread is done: request for index 3-67
2018-02-25 13:50:09,177 INFO o.a.j.t.JMeterThread: Thread finished: request for index 3-67
2018-02-25 13:50:09,181 INFO o.a.j.t.JMeterThread: Thread is done: request for index 3-47
2018-02-25 13:50:09,181 INFO o.a.j.t.JMeterThread: Thread finished: request for index 3-47
2018-02-25 13:50:09,184 INFO o.a.j.t.JMeterThread: Thread is done: request for index 3-75
2018-02-25 13:50:09,185 INFO o.a.j.t.JMeterThread: Thread finished: request for index 3-75
2018-02-25 13:50:09,220 INFO o.a.j.t.JMeterThread: Thread is done: request for index 3-79
2018-02-25 13:50:09,220 INFO o.a.j.t.JMeterThread: Thread finished: request for index 3-79
2018-02-25 13:50:09,249 INFO o.a.j.t.JMeterThread: Thread is done: request for index 3-88
2018-02-25 13:50:09,249 INFO o.a.j.t.JMeterThread: Thread finished: request for index 3-88
2018-02-25 13:50:09,308 INFO o.a.j.t.JMeterThread: Thread is done: request for index 3-52
2018-02-25 13:50:09,308 INFO o.a.j.t.JMeterThread: Thread finished: request for index 3-52
2018-02-25 13:50:09,344 INFO o.a.j.t.JMeterThread: Thread is done: request for index 3-71
2018-02-25 13:50:09,344 INFO o.a.j.t.JMeterThread: Thread finished: request for index 3-71
2018-02-25 13:50:09,817 INFO o.a.j.t.JMeterThread: Thread is done: request for index 3-29
2018-02-25 13:50:09,817 INFO o.a.j.t.JMeterThread: Thread finished: request for index 3-29
2018-02-25 13:50:09,957 INFO o.a.j.t.JMeterThread: Thread is done: request for index 3-48
2018-02-25 13:50:09,958 INFO o.a.j.t.JMeterThread: Thread finished: request for index 3-48
2018-02-25 13:50:09,965 INFO o.a.j.t.JMeterThread: Thread is done: request for index 3-91
2018-02-25 13:50:09,965 INFO o.a.j.t.JMeterThread: Thread finished: request for index 3-91
2018-02-25 13:50:09,967 INFO o.a.j.t.JMeterThread: Thread is done: request for index 3-81
2018-02-25 13:50:09,967 INFO o.a.j.t.JMeterThread: Thread is done: request for index 3-10
2018-02-25 13:50:09,967 INFO o.a.j.t.JMeterThread: Thread finished: request for index 3-81
2018-02-25 13:50:09,967 INFO o.a.j.t.JMeterThread: Thread finished: request for index 3-10
2018-02-25 13:50:09,968 INFO o.a.j.t.JMeterThread: Thread is done: request for index 3-14
2018-02-25 13:50:09,968 INFO o.a.j.t.JMeterThread: Thread finished: request for index 3-14
2018-02-25 13:50:09,969 INFO o.a.j.t.JMeterThread: Thread is done: signuptest 1-39
2018-02-25 13:50:09,969 INFO o.a.j.t.JMeterThread: Thread finished: signuptest 1-39
2018-02-25 13:50:09,970 INFO o.a.j.t.JMeterThread: Thread is done: request for index 3-15
2018-02-25 13:50:09,970 INFO o.a.j.t.JMeterThread: Thread finished: request for index 3-15
2018-02-25 13:50:09,982 INFO o.a.j.t.JMeterThread: Thread is done: request for index 3-1
2018-02-25 13:50:09,982 INFO o.a.j.t.JMeterThread: Thread finished: request for index 3-1
2018-02-25 13:50:10,039 INFO o.a.j.t.JMeterThread: Thread is done: request for index 3-18
2018-02-25 13:50:10,039 INFO o.a.j.t.JMeterThread: Thread finished: request for index 3-18
2018-02-25 13:50:10,105 INFO o.a.j.t.JMeterThread: Thread is done: request for index 3-8
2018-02-25 13:50:10,105 INFO o.a.j.t.JMeterThread: Thread finished: request for index 3-8
2018-02-25 13:50:10,197 INFO o.a.j.t.JMeterThread: Thread is done: request for index 3-70
2018-02-25 13:50:10,197 INFO o.a.j.t.JMeterThread: Thread finished: request for index 3-70
2018-02-25 13:50:10,233 INFO o.a.j.t.JMeterThread: Thread is done: request for index 3-64
2018-02-25 13:50:10,233 INFO o.a.j.t.JMeterThread: Thread finished: request for index 3-64
2018-02-25 13:50:10,242 INFO o.a.j.t.JMeterThread: Thread is done: request for index 3-3
2018-02-25 13:50:10,242 INFO o.a.j.t.JMeterThread: Thread finished: request for index 3-3
2018-02-25 13:50:10,244 INFO o.a.j.t.JMeterThread: Thread is done: request for index 3-13
2018-02-25 13:50:10,244 INFO o.a.j.t.JMeterThread: Thread finished: request for index 3-13
2018-02-25 13:50:10,261 INFO o.a.j.t.JMeterThread: Thread is done: request for index 3-43
2018-02-25 13:50:10,261 INFO o.a.j.t.JMeterThread: Thread finished: request for index 3-43
2018-02-25 13:50:10,263 INFO o.a.j.t.JMeterThread: Thread is done: request for index 3-30
2018-02-25 13:50:10,264 INFO o.a.j.t.JMeterThread: Thread finished: request for index 3-30
2018-02-25 13:50:10,292 INFO o.a.j.t.JMeterThread: Thread is done: request for index 3-20
2018-02-25 13:50:10,292 INFO o.a.j.t.JMeterThread: Thread finished: request for index 3-20
2018-02-25 13:50:10,292 INFO o.a.j.t.JMeterThread: Thread is done: request for index 3-36
2018-02-25 13:50:10,292 INFO o.a.j.t.JMeterThread: Thread finished: request for index 3-36
2018-02-25 13:50:10,304 INFO o.a.j.t.JMeterThread: Thread is done: request for index 3-60
2018-02-25 13:50:10,305 INFO o.a.j.t.JMeterThread: Thread finished: request for index 3-60
2018-02-25 13:50:10,313 INFO o.a.j.t.JMeterThread: Thread is done: request for index 3-72
2018-02-25 13:50:10,313 INFO o.a.j.t.JMeterThread: Thread finished: request for index 3-72
2018-02-25 13:50:10,314 INFO o.a.j.t.JMeterThread: Thread is done: request for index 3-21
2018-02-25 13:50:10,314 INFO o.a.j.t.JMeterThread: Thread finished: request for index 3-21
2018-02-25 13:50:10,315 INFO o.a.j.t.JMeterThread: Thread is done: request for index 3-24
2018-02-25 13:50:10,315 INFO o.a.j.t.JMeterThread: Thread finished: request for index 3-24
2018-02-25 13:50:10,323 INFO o.a.j.t.JMeterThread: Thread is done: request for index 3-12
2018-02-25 13:50:10,323 INFO o.a.j.t.JMeterThread: Thread finished: request for index 3-12
2018-02-25 13:50:10,329 INFO o.a.j.t.JMeterThread: Thread is done: request for index 3-32
2018-02-25 13:50:10,330 INFO o.a.j.t.JMeterThread: Thread finished: request for index 3-32
2018-02-25 13:50:10,365 INFO o.a.j.t.JMeterThread: Thread is done: request for index 3-54
2018-02-25 13:50:10,365 INFO o.a.j.t.JMeterThread: Thread finished: request for index 3-54
2018-02-25 13:50:10,368 INFO o.a.j.t.JMeterThread: Thread is done: request for index 3-58
2018-02-25 13:50:10,369 INFO o.a.j.t.JMeterThread: Thread finished: request for index 3-58
2018-02-25 13:50:10,393 INFO o.a.j.t.JMeterThread: Thread is done: request for index 3-62
2018-02-25 13:50:10,393 INFO o.a.j.t.JMeterThread: Thread finished: request for index 3-62
2018-02-25 13:50:10,433 INFO o.a.j.t.JMeterThread: Thread is done: request for index 3-4
2018-02-25 13:50:10,433 INFO o.a.j.t.JMeterThread: Thread finished: request for index 3-4
2018-02-25 13:50:10,444 INFO o.a.j.t.JMeterThread: Thread is done: request for index 3-44
2018-02-25 13:50:10,444 INFO o.a.j.t.JMeterThread: Thread finished: request for index 3-44
2018-02-25 13:50:10,481 INFO o.a.j.t.JMeterThread: Thread is done: request for index 3-26
2018-02-25 13:50:10,481 INFO o.a.j.t.JMeterThread: Thread finished: request for index 3-26
2018-02-25 13:50:10,482 INFO o.a.j.t.JMeterThread: Thread is done: request for index 3-28
2018-02-25 13:50:10,482 INFO o.a.j.t.JMeterThread: Thread finished: request for index 3-28
2018-02-25 13:50:10,495 INFO o.a.j.t.JMeterThread: Thread is done: request for index 3-19
2018-02-25 13:50:10,495 INFO o.a.j.t.JMeterThread: Thread finished: request for index 3-19
2018-02-25 13:50:10,505 INFO o.a.j.t.JMeterThread: Thread is done: request for index 3-56
2018-02-25 13:50:10,505 INFO o.a.j.t.JMeterThread: Thread finished: request for index 3-56
2018-02-25 13:50:10,514 INFO o.a.j.t.JMeterThread: Thread is done: request for index 3-38
2018-02-25 13:50:10,514 INFO o.a.j.t.JMeterThread: Thread finished: request for index 3-38
2018-02-25 13:50:10,598 INFO o.a.j.t.JMeterThread: Thread is done: request for index 3-80
2018-02-25 13:50:10,598 INFO o.a.j.t.JMeterThread: Thread finished: request for index 3-80
2018-02-25 13:50:10,689 INFO o.a.j.t.JMeterThread: Thread is done: request for index 3-92
2018-02-25 13:50:10,689 INFO o.a.j.t.JMeterThread: Thread finished: request for index 3-92
2018-02-25 13:50:10,694 INFO o.a.j.t.JMeterThread: Thread is done: request for index 3-34
2018-02-25 13:50:10,694 INFO o.a.j.t.JMeterThread: Thread finished: request for index 3-34
2018-02-25 13:50:10,695 INFO o.a.j.t.JMeterThread: Thread is done: request for index 3-68
2018-02-25 13:50:10,695 INFO o.a.j.t.JMeterThread: Thread finished: request for index 3-68
2018-02-25 13:50:10,710 INFO o.a.j.t.JMeterThread: Thread is done: request for index 3-86
2018-02-25 13:50:10,710 INFO o.a.j.t.JMeterThread: Thread finished: request for index 3-86
2018-02-25 13:50:10,712 INFO o.a.j.t.JMeterThread: Thread is done: request for index 3-74
2018-02-25 13:50:10,712 INFO o.a.j.t.JMeterThread: Thread finished: request for index 3-74
2018-02-25 13:50:10,745 INFO o.a.j.t.JMeterThread: Thread is done: request for index 3-45
2018-02-25 13:50:10,745 INFO o.a.j.t.JMeterThread: Thread finished: request for index 3-45
2018-02-25 13:50:10,762 INFO o.a.j.t.JMeterThread: Thread is done: request for index 3-78
2018-02-25 13:50:10,763 INFO o.a.j.t.JMeterThread: Thread finished: request for index 3-78
2018-02-25 13:50:10,790 INFO o.a.j.t.JMeterThread: Thread is done: request for index 3-94
2018-02-25 13:50:10,791 INFO o.a.j.t.JMeterThread: Thread finished: request for index 3-94
2018-02-25 13:50:10,794 INFO o.a.j.t.JMeterThread: Thread is done: request for index 3-82
2018-02-25 13:50:10,794 INFO o.a.j.t.JMeterThread: Thread finished: request for index 3-82
2018-02-25 13:50:10,834 INFO o.a.j.t.JMeterThread: Thread is done: request for index 3-100
2018-02-25 13:50:10,834 INFO o.a.j.t.JMeterThread: Thread finished: request for index 3-100
2018-02-25 13:50:10,866 INFO o.a.j.t.JMeterThread: Thread is done: request for index 3-84
2018-02-25 13:50:10,866 INFO o.a.j.t.JMeterThread: Thread finished: request for index 3-84
2018-02-25 13:50:10,898 INFO o.a.j.t.JMeterThread: Thread is done: request for index 3-98
2018-02-25 13:50:10,898 INFO o.a.j.t.JMeterThread: Thread finished: request for index 3-98
2018-02-25 13:50:10,951 INFO o.a.j.t.JMeterThread: Thread is done: signuptest 1-89
2018-02-25 13:50:10,951 INFO o.a.j.t.JMeterThread: Thread finished: signuptest 1-89
2018-02-25 13:50:10,966 INFO o.a.j.t.JMeterThread: Thread is done: signuptest 1-24
2018-02-25 13:50:10,966 INFO o.a.j.t.JMeterThread: Thread finished: signuptest 1-24
2018-02-25 13:50:10,967 INFO o.a.j.t.JMeterThread: Thread is done: request for index 3-66
2018-02-25 13:50:10,967 INFO o.a.j.t.JMeterThread: Thread finished: request for index 3-66
2018-02-25 13:50:10,972 INFO o.a.j.t.JMeterThread: Thread is done: request for index 3-89
2018-02-25 13:50:10,972 INFO o.a.j.t.JMeterThread: Thread finished: request for index 3-89
2018-02-25 13:50:10,980 INFO o.a.j.t.JMeterThread: Thread is done: request for index 3-85
2018-02-25 13:50:10,981 INFO o.a.j.t.JMeterThread: Thread finished: request for index 3-85
2018-02-25 13:50:10,985 INFO o.a.j.t.JMeterThread: Thread is done: request for index 3-90
2018-02-25 13:50:10,985 INFO o.a.j.t.JMeterThread: Thread finished: request for index 3-90
2018-02-25 13:50:11,008 INFO o.a.j.t.JMeterThread: Thread is done: request for index 3-2
2018-02-25 13:50:11,008 INFO o.a.j.t.JMeterThread: Thread finished: request for index 3-2
2018-02-25 13:50:11,011 INFO o.a.j.t.JMeterThread: Thread is done: request for index 3-63
2018-02-25 13:50:11,011 INFO o.a.j.t.JMeterThread: Thread finished: request for index 3-63
2018-02-25 13:50:11,017 INFO o.a.j.t.JMeterThread: Thread is done: request for index 3-35
2018-02-25 13:50:11,017 INFO o.a.j.t.JMeterThread: Thread finished: request for index 3-35
2018-02-25 13:50:11,061 INFO o.a.j.t.JMeterThread: Thread is done: login Test 2-75
2018-02-25 13:50:11,061 INFO o.a.j.t.JMeterThread: Thread finished: login Test 2-75
2018-02-25 13:50:11,069 INFO o.a.j.t.JMeterThread: Thread is done: request for index 3-53
2018-02-25 13:50:11,069 INFO o.a.j.t.JMeterThread: Thread finished: request for index 3-53
2018-02-25 13:50:11,078 INFO o.a.j.t.JMeterThread: Thread is done: request for index 3-97
2018-02-25 13:50:11,079 INFO o.a.j.t.JMeterThread: Thread finished: request for index 3-97
2018-02-25 13:50:11,087 INFO o.a.j.t.JMeterThread: Thread is done: request for index 3-41
2018-02-25 13:50:11,087 INFO o.a.j.t.JMeterThread: Thread finished: request for index 3-41
2018-02-25 13:50:11,095 INFO o.a.j.t.JMeterThread: Thread is done: request for index 3-76
2018-02-25 13:50:11,095 INFO o.a.j.t.JMeterThread: Thread finished: request for index 3-76
2018-02-25 13:50:11,128 INFO o.a.j.t.JMeterThread: Thread is done: request for index 3-55
2018-02-25 13:50:11,128 INFO o.a.j.t.JMeterThread: Thread finished: request for index 3-55
2018-02-25 13:50:11,138 INFO o.a.j.t.JMeterThread: Thread is done: request for index 3-31
2018-02-25 13:50:11,138 INFO o.a.j.t.JMeterThread: Thread finished: request for index 3-31
2018-02-25 13:50:11,146 INFO o.a.j.t.JMeterThread: Thread is done: request for index 3-50
2018-02-25 13:50:11,146 INFO o.a.j.t.JMeterThread: Thread finished: request for index 3-50
2018-02-25 13:50:11,147 INFO o.a.j.t.JMeterThread: Thread is done: request for index 3-57
2018-02-25 13:50:11,147 INFO o.a.j.t.JMeterThread: Thread finished: request for index 3-57
2018-02-25 13:50:11,148 INFO o.a.j.t.JMeterThread: Thread is done: login Test 2-66
2018-02-25 13:50:11,149 INFO o.a.j.t.JMeterThread: Thread finished: login Test 2-66
2018-02-25 13:50:11,155 INFO o.a.j.t.JMeterThread: Thread is done: login Test 2-27
2018-02-25 13:50:11,155 INFO o.a.j.t.JMeterThread: Thread finished: login Test 2-27
2018-02-25 13:50:11,161 INFO o.a.j.t.JMeterThread: Thread is done: request for index 3-33
2018-02-25 13:50:11,162 INFO o.a.j.t.JMeterThread: Thread finished: request for index 3-33
2018-02-25 13:50:11,164 INFO o.a.j.t.JMeterThread: Thread is done: request for index 3-51
2018-02-25 13:50:11,165 INFO o.a.j.t.JMeterThread: Thread finished: request for index 3-51
2018-02-25 13:50:11,178 INFO o.a.j.t.JMeterThread: Thread is done: request for index 3-23
2018-02-25 13:50:11,178 INFO o.a.j.t.JMeterThread: Thread finished: request for index 3-23
2018-02-25 13:50:11,179 INFO o.a.j.t.JMeterThread: Thread is done: request for index 3-25
2018-02-25 13:50:11,179 INFO o.a.j.t.JMeterThread: Thread finished: request for index 3-25
2018-02-25 13:50:11,180 INFO o.a.j.t.JMeterThread: Thread is done: request for index 3-37
2018-02-25 13:50:11,180 INFO o.a.j.t.JMeterThread: Thread finished: request for index 3-37
2018-02-25 13:50:11,182 INFO o.a.j.t.JMeterThread: Thread is done: request for index 3-87
2018-02-25 13:50:11,182 INFO o.a.j.t.JMeterThread: Thread finished: request for index 3-87
2018-02-25 13:50:11,235 INFO o.a.j.t.JMeterThread: Thread is done: signuptest 1-54
2018-02-25 13:50:11,235 INFO o.a.j.t.JMeterThread: Thread finished: signuptest 1-54
2018-02-25 13:50:11,235 INFO o.a.j.t.JMeterThread: Thread is done: login Test 2-14
2018-02-25 13:50:11,235 INFO o.a.j.t.JMeterThread: Thread finished: login Test 2-14
2018-02-25 13:50:11,346 INFO o.a.j.t.JMeterThread: Thread is done: request for index 3-73
2018-02-25 13:50:11,346 INFO o.a.j.t.JMeterThread: Thread finished: request for index 3-73
2018-02-25 13:50:11,347 INFO o.a.j.t.JMeterThread: Thread is done: request for index 3-77
2018-02-25 13:50:11,347 INFO o.a.j.t.JMeterThread: Thread finished: request for index 3-77
2018-02-25 13:50:11,348 INFO o.a.j.t.JMeterThread: Thread is done: request for index 3-83
2018-02-25 13:50:11,348 INFO o.a.j.t.JMeterThread: Thread finished: request for index 3-83
2018-02-25 13:50:11,354 INFO o.a.j.t.JMeterThread: Thread is done: request for index 3-69
2018-02-25 13:50:11,354 INFO o.a.j.t.JMeterThread: Thread finished: request for index 3-69
2018-02-25 13:50:11,359 INFO o.a.j.t.JMeterThread: Thread is done: request for index 3-5
2018-02-25 13:50:11,359 INFO o.a.j.t.JMeterThread: Thread finished: request for index 3-5
2018-02-25 13:50:11,361 INFO o.a.j.t.JMeterThread: Thread is done: login Test 2-25
2018-02-25 13:50:11,361 INFO o.a.j.t.JMeterThread: Thread finished: login Test 2-25
2018-02-25 13:50:11,362 INFO o.a.j.t.JMeterThread: Thread is done: request for index 3-46
2018-02-25 13:50:11,362 INFO o.a.j.t.JMeterThread: Thread finished: request for index 3-46
2018-02-25 13:50:11,369 INFO o.a.j.t.JMeterThread: Thread is done: login Test 2-17
2018-02-25 13:50:11,369 INFO o.a.j.t.JMeterThread: Thread finished: login Test 2-17
2018-02-25 13:50:11,370 INFO o.a.j.t.JMeterThread: Thread is done: request for index 3-96
2018-02-25 13:50:11,371 INFO o.a.j.t.JMeterThread: Thread finished: request for index 3-96
2018-02-25 13:50:11,371 INFO o.a.j.t.JMeterThread: Thread is done: signuptest 1-81
2018-02-25 13:50:11,371 INFO o.a.j.t.JMeterThread: Thread finished: signuptest 1-81
2018-02-25 13:50:11,378 INFO o.a.j.t.JMeterThread: Thread is done: request for index 3-99
2018-02-25 13:50:11,378 INFO o.a.j.t.JMeterThread: Thread finished: request for index 3-99
2018-02-25 13:50:11,379 INFO o.a.j.t.JMeterThread: Thread is done: request for index 3-61
2018-02-25 13:50:11,379 INFO o.a.j.t.JMeterThread: Thread finished: request for index 3-61
2018-02-25 13:50:11,381 INFO o.a.j.t.JMeterThread: Thread is done: login Test 2-56
2018-02-25 13:50:11,381 INFO o.a.j.t.JMeterThread: Thread finished: login Test 2-56
2018-02-25 13:50:11,382 INFO o.a.j.t.JMeterThread: Thread is done: login Test 2-45
2018-02-25 13:50:11,382 INFO o.a.j.t.JMeterThread: Thread finished: login Test 2-45
2018-02-25 13:50:11,398 INFO o.a.j.t.JMeterThread: Thread is done: signuptest 1-30
2018-02-25 13:50:11,398 INFO o.a.j.t.JMeterThread: Thread finished: signuptest 1-30
2018-02-25 13:50:11,400 INFO o.a.j.t.JMeterThread: Thread is done: login Test 2-48
2018-02-25 13:50:11,401 INFO o.a.j.t.JMeterThread: Thread finished: login Test 2-48
2018-02-25 13:50:11,404 INFO o.a.j.t.JMeterThread: Thread is done: request for index 3-22
2018-02-25 13:50:11,404 INFO o.a.j.t.JMeterThread: Thread finished: request for index 3-22
2018-02-25 13:50:11,412 INFO o.a.j.t.JMeterThread: Thread is done: login Test 2-35
2018-02-25 13:50:11,413 INFO o.a.j.t.JMeterThread: Thread finished: login Test 2-35
2018-02-25 13:50:11,415 INFO o.a.j.t.JMeterThread: Thread is done: login Test 2-2
2018-02-25 13:50:11,415 INFO o.a.j.t.JMeterThread: Thread finished: login Test 2-2
2018-02-25 13:50:11,425 INFO o.a.j.t.JMeterThread: Thread is done: request for index 3-95
2018-02-25 13:50:11,425 INFO o.a.j.t.JMeterThread: Thread finished: request for index 3-95
2018-02-25 13:50:11,485 INFO o.a.j.t.JMeterThread: Thread is done: request for index 3-39
2018-02-25 13:50:11,485 INFO o.a.j.t.JMeterThread: Thread finished: request for index 3-39
2018-02-25 13:50:11,486 INFO o.a.j.t.JMeterThread: Thread is done: login Test 2-13
2018-02-25 13:50:11,486 INFO o.a.j.t.JMeterThread: Thread finished: login Test 2-13
2018-02-25 13:50:11,487 INFO o.a.j.t.JMeterThread: Thread is done: signuptest 1-20
2018-02-25 13:50:11,487 INFO o.a.j.t.JMeterThread: Thread finished: signuptest 1-20
2018-02-25 13:50:11,487 INFO o.a.j.t.JMeterThread: Thread is done: signuptest 1-46
2018-02-25 13:50:11,487 INFO o.a.j.t.JMeterThread: Thread finished: signuptest 1-46
2018-02-25 13:50:11,488 INFO o.a.j.t.JMeterThread: Thread is done: login Test 2-34
2018-02-25 13:50:11,488 INFO o.a.j.t.JMeterThread: Thread finished: login Test 2-34
2018-02-25 13:50:11,488 INFO o.a.j.t.JMeterThread: Thread is done: signuptest 1-19
2018-02-25 13:50:11,488 INFO o.a.j.t.JMeterThread: Thread finished: signuptest 1-19
2018-02-25 13:50:11,489 INFO o.a.j.t.JMeterThread: Thread is done: signuptest 1-23
2018-02-25 13:50:11,489 INFO o.a.j.t.JMeterThread: Thread finished: signuptest 1-23
2018-02-25 13:50:11,489 INFO o.a.j.t.JMeterThread: Thread is done: login Test 2-32
2018-02-25 13:50:11,489 INFO o.a.j.t.JMeterThread: Thread finished: login Test 2-32
2018-02-25 13:50:11,493 INFO o.a.j.t.JMeterThread: Thread is done: login Test 2-24
2018-02-25 13:50:11,493 INFO o.a.j.t.JMeterThread: Thread finished: login Test 2-24
2018-02-25 13:50:11,494 INFO o.a.j.t.JMeterThread: Thread is done: login Test 2-29
2018-02-25 13:50:11,494 INFO o.a.j.t.JMeterThread: Thread finished: login Test 2-29
2018-02-25 13:50:11,495 INFO o.a.j.t.JMeterThread: Thread is done: signuptest 1-5
2018-02-25 13:50:11,495 INFO o.a.j.t.JMeterThread: Thread finished: signuptest 1-5
2018-02-25 13:50:11,496 INFO o.a.j.t.JMeterThread: Thread is done: login Test 2-15
2018-02-25 13:50:11,496 INFO o.a.j.t.JMeterThread: Thread finished: login Test 2-15
2018-02-25 13:50:11,497 INFO o.a.j.t.JMeterThread: Thread is done: signuptest 1-86
2018-02-25 13:50:11,497 INFO o.a.j.t.JMeterThread: Thread finished: signuptest 1-86
2018-02-25 13:50:11,497 INFO o.a.j.t.JMeterThread: Thread is done: login Test 2-26
2018-02-25 13:50:11,498 INFO o.a.j.t.JMeterThread: Thread finished: login Test 2-26
2018-02-25 13:50:11,498 INFO o.a.j.t.JMeterThread: Thread is done: signuptest 1-64
2018-02-25 13:50:11,498 INFO o.a.j.t.JMeterThread: Thread finished: signuptest 1-64
2018-02-25 13:50:11,498 INFO o.a.j.t.JMeterThread: Thread is done: signuptest 1-48
2018-02-25 13:50:11,498 INFO o.a.j.t.JMeterThread: Thread finished: signuptest 1-48
2018-02-25 13:50:11,499 INFO o.a.j.t.JMeterThread: Thread is done: login Test 2-51
2018-02-25 13:50:11,499 INFO o.a.j.t.JMeterThread: Thread finished: login Test 2-51
2018-02-25 13:50:11,500 INFO o.a.j.t.JMeterThread: Thread is done: login Test 2-68
2018-02-25 13:50:11,500 INFO o.a.j.t.JMeterThread: Thread finished: login Test 2-68
2018-02-25 13:50:11,500 INFO o.a.j.t.JMeterThread: Thread is done: login Test 2-52
2018-02-25 13:50:11,500 INFO o.a.j.t.JMeterThread: Thread finished: login Test 2-52
2018-02-25 13:50:11,500 INFO o.a.j.t.JMeterThread: Thread is done: login Test 2-77
2018-02-25 13:50:11,500 INFO o.a.j.t.JMeterThread: Thread finished: login Test 2-77
2018-02-25 13:50:11,501 INFO o.a.j.t.JMeterThread: Thread is done: login Test 2-53
2018-02-25 13:50:11,501 INFO o.a.j.t.JMeterThread: Thread finished: login Test 2-53
2018-02-25 13:50:11,501 INFO o.a.j.t.JMeterThread: Thread is done: login Test 2-39
2018-02-25 13:50:11,501 INFO o.a.j.t.JMeterThread: Thread finished: login Test 2-39
2018-02-25 13:50:11,502 INFO o.a.j.t.JMeterThread: Thread is done: login Test 2-46
2018-02-25 13:50:11,502 INFO o.a.j.t.JMeterThread: Thread finished: login Test 2-46
2018-02-25 13:50:11,502 INFO o.a.j.t.JMeterThread: Thread is done: login Test 2-42
2018-02-25 13:50:11,502 INFO o.a.j.t.JMeterThread: Thread finished: login Test 2-42
2018-02-25 13:50:11,502 INFO o.a.j.t.JMeterThread: Thread is done: login Test 2-36
2018-02-25 13:50:11,502 INFO o.a.j.t.JMeterThread: Thread finished: login Test 2-36
2018-02-25 13:50:11,515 INFO o.a.j.t.JMeterThread: Thread is done: login Test 2-72
2018-02-25 13:50:11,515 INFO o.a.j.t.JMeterThread: Thread finished: login Test 2-72
2018-02-25 13:50:11,516 INFO o.a.j.t.JMeterThread: Thread is done: signuptest 1-45
2018-02-25 13:50:11,516 INFO o.a.j.t.JMeterThread: Thread finished: signuptest 1-45
2018-02-25 13:50:11,613 INFO o.a.j.t.JMeterThread: Thread is done: request for index 3-93
2018-02-25 13:50:11,613 INFO o.a.j.t.JMeterThread: Thread finished: request for index 3-93
2018-02-25 13:50:11,626 INFO o.a.j.t.JMeterThread: Thread is done: login Test 2-19
2018-02-25 13:50:11,626 INFO o.a.j.t.JMeterThread: Thread finished: login Test 2-19
2018-02-25 13:50:11,629 INFO o.a.j.t.JMeterThread: Thread is done: signuptest 1-13
2018-02-25 13:50:11,629 INFO o.a.j.t.JMeterThread: Thread finished: signuptest 1-13
2018-02-25 13:50:11,631 INFO o.a.j.t.JMeterThread: Thread is done: signuptest 1-67
2018-02-25 13:50:11,631 INFO o.a.j.t.JMeterThread: Thread finished: signuptest 1-67
2018-02-25 13:50:11,801 INFO o.a.j.t.JMeterThread: Thread is done: signuptest 1-6
2018-02-25 13:50:11,801 INFO o.a.j.t.JMeterThread: Thread finished: signuptest 1-6
2018-02-25 13:50:11,909 INFO o.a.j.t.JMeterThread: Thread is done: signuptest 1-25
2018-02-25 13:50:11,909 INFO o.a.j.t.JMeterThread: Thread finished: signuptest 1-25
2018-02-25 13:50:12,095 INFO o.a.j.t.JMeterThread: Thread is done: signuptest 1-14
2018-02-25 13:50:12,095 INFO o.a.j.t.JMeterThread: Thread finished: signuptest 1-14
2018-02-25 13:50:12,126 INFO o.a.j.t.JMeterThread: Thread is done: signuptest 1-11
2018-02-25 13:50:12,126 INFO o.a.j.t.JMeterThread: Thread finished: signuptest 1-11
2018-02-25 13:50:12,127 INFO o.a.j.t.JMeterThread: Thread is done: login Test 2-40
2018-02-25 13:50:12,127 INFO o.a.j.t.JMeterThread: Thread finished: login Test 2-40
2018-02-25 13:50:12,141 INFO o.a.j.t.JMeterThread: Thread is done: signuptest 1-7
2018-02-25 13:50:12,141 INFO o.a.j.t.JMeterThread: Thread finished: signuptest 1-7
2018-02-25 13:50:12,143 INFO o.a.j.t.JMeterThread: Thread is done: signuptest 1-70
2018-02-25 13:50:12,143 INFO o.a.j.t.JMeterThread: Thread finished: signuptest 1-70
2018-02-25 13:50:12,145 INFO o.a.j.t.JMeterThread: Thread is done: signuptest 1-99
2018-02-25 13:50:12,145 INFO o.a.j.t.JMeterThread: Thread finished: signuptest 1-99
2018-02-25 13:50:12,146 INFO o.a.j.t.JMeterThread: Thread is done: signuptest 1-95
2018-02-25 13:50:12,146 INFO o.a.j.t.JMeterThread: Thread finished: signuptest 1-95
2018-02-25 13:50:12,146 INFO o.a.j.t.JMeterThread: Thread is done: signuptest 1-17
2018-02-25 13:50:12,146 INFO o.a.j.t.JMeterThread: Thread finished: signuptest 1-17
2018-02-25 13:50:12,186 INFO o.a.j.t.JMeterThread: Thread is done: signuptest 1-35
2018-02-25 13:50:12,186 INFO o.a.j.t.JMeterThread: Thread finished: signuptest 1-35
2018-02-25 13:50:12,188 INFO o.a.j.t.JMeterThread: Thread is done: signuptest 1-43
2018-02-25 13:50:12,188 INFO o.a.j.t.JMeterThread: Thread finished: signuptest 1-43
2018-02-25 13:50:12,191 INFO o.a.j.t.JMeterThread: Thread is done: signuptest 1-93
2018-02-25 13:50:12,191 INFO o.a.j.t.JMeterThread: Thread finished: signuptest 1-93
2018-02-25 13:50:12,198 INFO o.a.j.t.JMeterThread: Thread is done: login Test 2-7
2018-02-25 13:50:12,198 INFO o.a.j.t.JMeterThread: Thread finished: login Test 2-7
2018-02-25 13:50:12,203 INFO o.a.j.t.JMeterThread: Thread is done: signuptest 1-26
2018-02-25 13:50:12,203 INFO o.a.j.t.JMeterThread: Thread finished: signuptest 1-26
2018-02-25 13:50:12,205 INFO o.a.j.t.JMeterThread: Thread is done: signuptest 1-33
2018-02-25 13:50:12,205 INFO o.a.j.t.JMeterThread: Thread finished: signuptest 1-33
2018-02-25 13:50:12,208 INFO o.a.j.t.JMeterThread: Thread is done: signuptest 1-10
2018-02-25 13:50:12,208 INFO o.a.j.t.JMeterThread: Thread finished: signuptest 1-10
2018-02-25 13:50:12,210 INFO o.a.j.t.JMeterThread: Thread is done: signuptest 1-22
2018-02-25 13:50:12,210 INFO o.a.j.t.JMeterThread: Thread finished: signuptest 1-22
2018-02-25 13:50:12,341 INFO o.a.j.t.JMeterThread: Thread is done: signuptest 1-27
2018-02-25 13:50:12,341 INFO o.a.j.t.JMeterThread: Thread finished: signuptest 1-27
2018-02-25 13:50:13,221 INFO o.a.j.t.JMeterThread: Thread is done: login Test 2-88
2018-02-25 13:50:13,221 INFO o.a.j.t.JMeterThread: Thread finished: login Test 2-88
2018-02-25 13:50:13,251 INFO o.a.j.t.JMeterThread: Thread is done: signuptest 1-49
2018-02-25 13:50:13,251 INFO o.a.j.t.JMeterThread: Thread finished: signuptest 1-49
2018-02-25 13:50:13,259 INFO o.a.j.t.JMeterThread: Thread is done: login Test 2-65
2018-02-25 13:50:13,259 INFO o.a.j.t.JMeterThread: Thread finished: login Test 2-65
2018-02-25 13:50:13,261 INFO o.a.j.t.JMeterThread: Thread is done: signuptest 1-96
2018-02-25 13:50:13,261 INFO o.a.j.t.JMeterThread: Thread finished: signuptest 1-96
2018-02-25 13:50:13,263 INFO o.a.j.t.JMeterThread: Thread is done: signuptest 1-28
2018-02-25 13:50:13,263 INFO o.a.j.t.JMeterThread: Thread finished: signuptest 1-28
2018-02-25 13:50:13,266 INFO o.a.j.t.JMeterThread: Thread is done: signuptest 1-51
2018-02-25 13:50:13,266 INFO o.a.j.t.JMeterThread: Thread finished: signuptest 1-51
2018-02-25 13:50:13,272 INFO o.a.j.t.JMeterThread: Thread is done: signuptest 1-62
2018-02-25 13:50:13,272 INFO o.a.j.t.JMeterThread: Thread finished: signuptest 1-62
2018-02-25 13:50:13,280 INFO o.a.j.t.JMeterThread: Thread is done: login Test 2-73
2018-02-25 13:50:13,280 INFO o.a.j.t.JMeterThread: Thread finished: login Test 2-73
2018-02-25 13:50:13,369 INFO o.a.j.t.JMeterThread: Thread is done: login Test 2-83
2018-02-25 13:50:13,369 INFO o.a.j.t.JMeterThread: Thread finished: login Test 2-83
2018-02-25 13:50:13,544 INFO o.a.j.t.JMeterThread: Thread is done: login Test 2-58
2018-02-25 13:50:13,544 INFO o.a.j.t.JMeterThread: Thread finished: login Test 2-58
2018-02-25 13:50:13,549 INFO o.a.j.t.JMeterThread: Thread is done: login Test 2-96
2018-02-25 13:50:13,549 INFO o.a.j.t.JMeterThread: Thread finished: login Test 2-96
2018-02-25 13:50:13,552 INFO o.a.j.t.JMeterThread: Thread is done: signuptest 1-55
2018-02-25 13:50:13,552 INFO o.a.j.t.JMeterThread: Thread finished: signuptest 1-55
2018-02-25 13:50:13,557 INFO o.a.j.t.JMeterThread: Thread is done: login Test 2-5
2018-02-25 13:50:13,557 INFO o.a.j.t.JMeterThread: Thread finished: login Test 2-5
2018-02-25 13:50:13,559 INFO o.a.j.t.JMeterThread: Thread is done: signuptest 1-85
2018-02-25 13:50:13,559 INFO o.a.j.t.JMeterThread: Thread finished: signuptest 1-85
2018-02-25 13:50:13,561 INFO o.a.j.t.JMeterThread: Thread is done: signuptest 1-61
2018-02-25 13:50:13,561 INFO o.a.j.t.JMeterThread: Thread finished: signuptest 1-61
2018-02-25 13:50:13,567 INFO o.a.j.t.JMeterThread: Thread is done: signuptest 1-69
2018-02-25 13:50:13,567 INFO o.a.j.t.JMeterThread: Thread finished: signuptest 1-69
2018-02-25 13:50:13,570 INFO o.a.j.t.JMeterThread: Thread is done: signuptest 1-29
2018-02-25 13:50:13,570 INFO o.a.j.t.JMeterThread: Thread finished: signuptest 1-29
2018-02-25 13:50:13,573 INFO o.a.j.t.JMeterThread: Thread is done: signuptest 1-58
2018-02-25 13:50:13,573 INFO o.a.j.t.JMeterThread: Thread finished: signuptest 1-58
2018-02-25 13:50:13,577 INFO o.a.j.t.JMeterThread: Thread is done: signuptest 1-82
2018-02-25 13:50:13,578 INFO o.a.j.t.JMeterThread: Thread finished: signuptest 1-82
2018-02-25 13:50:13,580 INFO o.a.j.t.JMeterThread: Thread is done: signuptest 1-38
2018-02-25 13:50:13,580 INFO o.a.j.t.JMeterThread: Thread finished: signuptest 1-38
2018-02-25 13:50:13,585 INFO o.a.j.t.JMeterThread: Thread is done: signuptest 1-94
2018-02-25 13:50:13,585 INFO o.a.j.t.JMeterThread: Thread finished: signuptest 1-94
2018-02-25 13:50:13,588 INFO o.a.j.t.JMeterThread: Thread is done: signuptest 1-31
2018-02-25 13:50:13,588 INFO o.a.j.t.JMeterThread: Thread finished: signuptest 1-31
2018-02-25 13:50:13,591 INFO o.a.j.t.JMeterThread: Thread is done: signuptest 1-53
2018-02-25 13:50:13,591 INFO o.a.j.t.JMeterThread: Thread finished: signuptest 1-53
2018-02-25 13:50:13,593 INFO o.a.j.t.JMeterThread: Thread is done: signuptest 1-63
2018-02-25 13:50:13,594 INFO o.a.j.t.JMeterThread: Thread finished: signuptest 1-63
2018-02-25 13:50:13,597 INFO o.a.j.t.JMeterThread: Thread is done: signuptest 1-59
2018-02-25 13:50:13,597 INFO o.a.j.t.JMeterThread: Thread finished: signuptest 1-59
2018-02-25 13:50:13,744 INFO o.a.j.t.JMeterThread: Thread is done: signuptest 1-42
2018-02-25 13:50:13,744 INFO o.a.j.t.JMeterThread: Thread finished: signuptest 1-42
2018-02-25 13:50:13,746 INFO o.a.j.t.JMeterThread: Thread is done: signuptest 1-57
2018-02-25 13:50:13,746 INFO o.a.j.t.JMeterThread: Thread finished: signuptest 1-57
2018-02-25 13:50:13,749 INFO o.a.j.t.JMeterThread: Thread is done: signuptest 1-80
2018-02-25 13:50:13,749 INFO o.a.j.t.JMeterThread: Thread finished: signuptest 1-80
2018-02-25 13:50:13,759 INFO o.a.j.t.JMeterThread: Thread is done: signuptest 1-100
2018-02-25 13:50:13,759 INFO o.a.j.t.JMeterThread: Thread finished: signuptest 1-100
2018-02-25 13:50:13,760 INFO o.a.j.t.JMeterThread: Thread is done: login Test 2-61
2018-02-25 13:50:13,760 INFO o.a.j.t.JMeterThread: Thread finished: login Test 2-61
2018-02-25 13:50:13,762 INFO o.a.j.t.JMeterThread: Thread is done: signuptest 1-83
2018-02-25 13:50:13,762 INFO o.a.j.t.JMeterThread: Thread finished: signuptest 1-83
2018-02-25 13:50:13,763 INFO o.a.j.t.JMeterThread: Thread is done: signuptest 1-4
2018-02-25 13:50:13,763 INFO o.a.j.t.JMeterThread: Thread finished: signuptest 1-4
2018-02-25 13:50:13,765 INFO o.a.j.t.JMeterThread: Thread is done: signuptest 1-97
2018-02-25 13:50:13,765 INFO o.a.j.t.JMeterThread: Thread finished: signuptest 1-97
2018-02-25 13:50:13,766 INFO o.a.j.t.JMeterThread: Thread is done: login Test 2-18
2018-02-25 13:50:13,766 INFO o.a.j.t.JMeterThread: Thread finished: login Test 2-18
2018-02-25 13:50:13,767 INFO o.a.j.t.JMeterThread: Thread is done: signuptest 1-76
2018-02-25 13:50:13,767 INFO o.a.j.t.JMeterThread: Thread finished: signuptest 1-76
2018-02-25 13:50:13,769 INFO o.a.j.t.JMeterThread: Thread is done: signuptest 1-87
2018-02-25 13:50:13,769 INFO o.a.j.t.JMeterThread: Thread finished: signuptest 1-87
2018-02-25 13:50:13,771 INFO o.a.j.t.JMeterThread: Thread is done: signuptest 1-92
2018-02-25 13:50:13,772 INFO o.a.j.t.JMeterThread: Thread finished: signuptest 1-92
2018-02-25 13:50:13,785 INFO o.a.j.t.JMeterThread: Thread is done: signuptest 1-74
2018-02-25 13:50:13,785 INFO o.a.j.t.JMeterThread: Thread finished: signuptest 1-74
2018-02-25 13:50:13,787 INFO o.a.j.t.JMeterThread: Thread is done: signuptest 1-84
2018-02-25 13:50:13,787 INFO o.a.j.t.JMeterThread: Thread finished: signuptest 1-84
2018-02-25 13:50:13,790 INFO o.a.j.t.JMeterThread: Thread is done: signuptest 1-78
2018-02-25 13:50:13,790 INFO o.a.j.t.JMeterThread: Thread finished: signuptest 1-78
2018-02-25 13:50:13,792 INFO o.a.j.t.JMeterThread: Thread is done: signuptest 1-65
2018-02-25 13:50:13,792 INFO o.a.j.t.JMeterThread: Thread finished: signuptest 1-65
2018-02-25 13:50:13,795 INFO o.a.j.t.JMeterThread: Thread is done: signuptest 1-98
2018-02-25 13:50:13,795 INFO o.a.j.t.JMeterThread: Thread finished: signuptest 1-98
2018-02-25 13:50:13,797 INFO o.a.j.t.JMeterThread: Thread is done: signuptest 1-71
2018-02-25 13:50:13,797 INFO o.a.j.t.JMeterThread: Thread finished: signuptest 1-71
2018-02-25 13:50:13,800 INFO o.a.j.t.JMeterThread: Thread is done: signuptest 1-91
2018-02-25 13:50:13,800 INFO o.a.j.t.JMeterThread: Thread finished: signuptest 1-91
2018-02-25 13:50:13,802 INFO o.a.j.t.JMeterThread: Thread is done: signuptest 1-50
2018-02-25 13:50:13,802 INFO o.a.j.t.JMeterThread: Thread finished: signuptest 1-50
2018-02-25 13:50:13,804 INFO o.a.j.t.JMeterThread: Thread is done: signuptest 1-2
2018-02-25 13:50:13,804 INFO o.a.j.t.JMeterThread: Thread finished: signuptest 1-2
2018-02-25 13:50:13,806 INFO o.a.j.t.JMeterThread: Thread is done: signuptest 1-88
2018-02-25 13:50:13,806 INFO o.a.j.t.JMeterThread: Thread finished: signuptest 1-88
2018-02-25 13:50:13,809 INFO o.a.j.t.JMeterThread: Thread is done: signuptest 1-60
2018-02-25 13:50:13,809 INFO o.a.j.t.JMeterThread: Thread finished: signuptest 1-60
2018-02-25 13:50:13,811 INFO o.a.j.t.JMeterThread: Thread is done: signuptest 1-36
2018-02-25 13:50:13,811 INFO o.a.j.t.JMeterThread: Thread finished: signuptest 1-36
2018-02-25 13:50:13,813 INFO o.a.j.t.JMeterThread: Thread is done: signuptest 1-68
2018-02-25 13:50:13,814 INFO o.a.j.t.JMeterThread: Thread finished: signuptest 1-68
2018-02-25 13:50:13,822 INFO o.a.j.t.JMeterThread: Thread is done: signuptest 1-72
2018-02-25 13:50:13,822 INFO o.a.j.t.JMeterThread: Thread finished: signuptest 1-72
2018-02-25 13:50:13,825 INFO o.a.j.t.JMeterThread: Thread is done: signuptest 1-52
2018-02-25 13:50:13,825 INFO o.a.j.t.JMeterThread: Thread finished: signuptest 1-52
2018-02-25 13:50:13,826 INFO o.a.j.t.JMeterThread: Thread is done: signuptest 1-77
2018-02-25 13:50:13,826 INFO o.a.j.t.JMeterThread: Thread finished: signuptest 1-77
2018-02-25 13:50:13,829 INFO o.a.j.t.JMeterThread: Thread is done: signuptest 1-73
2018-02-25 13:50:13,829 INFO o.a.j.t.JMeterThread: Thread finished: signuptest 1-73
2018-02-25 13:50:13,829 INFO o.a.j.t.JMeterThread: Thread is done: signuptest 1-90
2018-02-25 13:50:13,829 INFO o.a.j.t.JMeterThread: Thread finished: signuptest 1-90
2018-02-25 13:50:13,859 INFO o.a.j.t.JMeterThread: Thread is done: login Test 2-30
2018-02-25 13:50:13,859 INFO o.a.j.t.JMeterThread: Thread finished: login Test 2-30
2018-02-25 13:50:13,910 INFO o.a.j.t.JMeterThread: Thread is done: login Test 2-85
2018-02-25 13:50:13,910 INFO o.a.j.t.JMeterThread: Thread finished: login Test 2-85
2018-02-25 13:50:13,930 INFO o.a.j.t.JMeterThread: Thread is done: signuptest 1-56
2018-02-25 13:50:13,930 INFO o.a.j.t.JMeterThread: Thread finished: signuptest 1-56
2018-02-25 13:50:13,965 INFO o.a.j.t.JMeterThread: Thread is done: login Test 2-82
2018-02-25 13:50:13,965 INFO o.a.j.t.JMeterThread: Thread finished: login Test 2-82
2018-02-25 13:50:13,969 INFO o.a.j.t.JMeterThread: Thread is done: login Test 2-71
2018-02-25 13:50:13,969 INFO o.a.j.t.JMeterThread: Thread finished: login Test 2-71
2018-02-25 13:50:14,037 INFO o.a.j.t.JMeterThread: Thread is done: login Test 2-95
2018-02-25 13:50:14,037 INFO o.a.j.t.JMeterThread: Thread finished: login Test 2-95
2018-02-25 13:50:14,046 INFO o.a.j.t.JMeterThread: Thread is done: login Test 2-6
2018-02-25 13:50:14,046 INFO o.a.j.t.JMeterThread: Thread finished: login Test 2-6
2018-02-25 13:50:14,061 INFO o.a.j.t.JMeterThread: Thread is done: signuptest 1-66
2018-02-25 13:50:14,061 INFO o.a.j.t.JMeterThread: Thread finished: signuptest 1-66
2018-02-25 13:50:14,129 INFO o.a.j.t.JMeterThread: Thread is done: login Test 2-20
2018-02-25 13:50:14,129 INFO o.a.j.t.JMeterThread: Thread finished: login Test 2-20
2018-02-25 13:50:14,134 INFO o.a.j.t.JMeterThread: Thread is done: login Test 2-44
2018-02-25 13:50:14,134 INFO o.a.j.t.JMeterThread: Thread finished: login Test 2-44
2018-02-25 13:50:14,153 INFO o.a.j.t.JMeterThread: Thread is done: login Test 2-94
2018-02-25 13:50:14,153 INFO o.a.j.t.JMeterThread: Thread finished: login Test 2-94
2018-02-25 13:50:14,154 INFO o.a.j.t.JMeterThread: Thread is done: login Test 2-87
2018-02-25 13:50:14,154 INFO o.a.j.t.JMeterThread: Thread finished: login Test 2-87
2018-02-25 13:50:14,157 INFO o.a.j.t.JMeterThread: Thread is done: login Test 2-91
2018-02-25 13:50:14,157 INFO o.a.j.t.JMeterThread: Thread finished: login Test 2-91
2018-02-25 13:50:14,160 INFO o.a.j.t.JMeterThread: Thread is done: login Test 2-90
2018-02-25 13:50:14,160 INFO o.a.j.t.JMeterThread: Thread finished: login Test 2-90
2018-02-25 13:50:14,170 INFO o.a.j.t.JMeterThread: Thread is done: login Test 2-97
2018-02-25 13:50:14,170 INFO o.a.j.t.JMeterThread: Thread finished: login Test 2-97
2018-02-25 13:50:14,178 INFO o.a.j.t.JMeterThread: Thread is done: login Test 2-89
2018-02-25 13:50:14,178 INFO o.a.j.t.JMeterThread: Thread finished: login Test 2-89
2018-02-25 13:50:14,198 INFO o.a.j.t.JMeterThread: Thread is done: login Test 2-31
2018-02-25 13:50:14,198 INFO o.a.j.t.JMeterThread: Thread finished: login Test 2-31
2018-02-25 13:50:14,200 INFO o.a.j.t.JMeterThread: Thread is done: login Test 2-78
2018-02-25 13:50:14,200 INFO o.a.j.t.JMeterThread: Thread finished: login Test 2-78
2018-02-25 13:50:14,203 INFO o.a.j.t.JMeterThread: Thread is done: login Test 2-62
2018-02-25 13:50:14,203 INFO o.a.j.t.JMeterThread: Thread finished: login Test 2-62
2018-02-25 13:50:14,206 INFO o.a.j.t.JMeterThread: Thread is done: login Test 2-50
2018-02-25 13:50:14,206 INFO o.a.j.t.JMeterThread: Thread finished: login Test 2-50
2018-02-25 13:50:14,209 INFO o.a.j.t.JMeterThread: Thread is done: login Test 2-21
2018-02-25 13:50:14,209 INFO o.a.j.t.JMeterThread: Thread finished: login Test 2-21
2018-02-25 13:50:14,272 INFO o.a.j.t.JMeterThread: Thread is done: login Test 2-22
2018-02-25 13:50:14,272 INFO o.a.j.t.JMeterThread: Thread finished: login Test 2-22
2018-02-25 13:50:14,278 INFO o.a.j.t.JMeterThread: Thread is done: login Test 2-74
2018-02-25 13:50:14,278 INFO o.a.j.t.JMeterThread: Thread finished: login Test 2-74
2018-02-25 13:50:14,281 INFO o.a.j.t.JMeterThread: Thread is done: login Test 2-81
2018-02-25 13:50:14,281 INFO o.a.j.t.JMeterThread: Thread finished: login Test 2-81
2018-02-25 13:50:14,287 INFO o.a.j.t.JMeterThread: Thread is done: login Test 2-1
2018-02-25 13:50:14,288 INFO o.a.j.t.JMeterThread: Thread finished: login Test 2-1
2018-02-25 13:50:14,305 INFO o.a.j.t.JMeterThread: Thread is done: login Test 2-37
2018-02-25 13:50:14,305 INFO o.a.j.t.JMeterThread: Thread finished: login Test 2-37
2018-02-25 13:50:14,330 INFO o.a.j.t.JMeterThread: Thread is done: login Test 2-43
2018-02-25 13:50:14,330 INFO o.a.j.t.JMeterThread: Thread finished: login Test 2-43
2018-02-25 13:50:14,348 INFO o.a.j.t.JMeterThread: Thread is done: login Test 2-54
2018-02-25 13:50:14,348 INFO o.a.j.t.JMeterThread: Thread finished: login Test 2-54
2018-02-25 13:50:14,364 INFO o.a.j.t.JMeterThread: Thread is done: login Test 2-99
2018-02-25 13:50:14,364 INFO o.a.j.t.JMeterThread: Thread finished: login Test 2-99
2018-02-25 13:50:14,374 INFO o.a.j.t.JMeterThread: Thread is done: login Test 2-60
2018-02-25 13:50:14,374 INFO o.a.j.t.JMeterThread: Thread finished: login Test 2-60
2018-02-25 13:50:14,376 INFO o.a.j.t.JMeterThread: Thread is done: login Test 2-70
2018-02-25 13:50:14,376 INFO o.a.j.t.JMeterThread: Thread finished: login Test 2-70
2018-02-25 13:50:14,381 INFO o.a.j.t.JMeterThread: Thread is done: login Test 2-47
2018-02-25 13:50:14,381 INFO o.a.j.t.JMeterThread: Thread finished: login Test 2-47
2018-02-25 13:50:14,385 INFO o.a.j.t.JMeterThread: Thread is done: login Test 2-98
2018-02-25 13:50:14,385 INFO o.a.j.t.JMeterThread: Thread finished: login Test 2-98
2018-02-25 13:50:14,391 INFO o.a.j.t.JMeterThread: Thread is done: login Test 2-64
2018-02-25 13:50:14,391 INFO o.a.j.t.JMeterThread: Thread finished: login Test 2-64
2018-02-25 13:50:14,392 INFO o.a.j.t.JMeterThread: Thread is done: login Test 2-57
2018-02-25 13:50:14,392 INFO o.a.j.t.JMeterThread: Thread finished: login Test 2-57
2018-02-25 13:50:14,392 INFO o.a.j.t.JMeterThread: Thread is done: login Test 2-84
2018-02-25 13:50:14,392 INFO o.a.j.t.JMeterThread: Thread finished: login Test 2-84
2018-02-25 13:50:14,394 INFO o.a.j.t.JMeterThread: Thread is done: login Test 2-92
2018-02-25 13:50:14,394 INFO o.a.j.t.JMeterThread: Thread finished: login Test 2-92
2018-02-25 13:50:14,395 INFO o.a.j.t.JMeterThread: Thread is done: login Test 2-38
2018-02-25 13:50:14,395 INFO o.a.j.t.JMeterThread: Thread finished: login Test 2-38
2018-02-25 13:50:14,397 INFO o.a.j.t.JMeterThread: Thread is done: login Test 2-63
2018-02-25 13:50:14,397 INFO o.a.j.t.JMeterThread: Thread finished: login Test 2-63
2018-02-25 13:50:14,399 INFO o.a.j.t.JMeterThread: Thread is done: login Test 2-67
2018-02-25 13:50:14,399 INFO o.a.j.t.JMeterThread: Thread finished: login Test 2-67
2018-02-25 13:50:14,399 INFO o.a.j.t.JMeterThread: Thread is done: login Test 2-80
2018-02-25 13:50:14,400 INFO o.a.j.t.JMeterThread: Thread finished: login Test 2-80
2018-02-25 13:50:14,401 INFO o.a.j.t.JMeterThread: Thread is done: login Test 2-100
2018-02-25 13:50:14,401 INFO o.a.j.t.JMeterThread: Thread finished: login Test 2-100
2018-02-25 13:50:14,405 INFO o.a.j.t.JMeterThread: Thread is done: login Test 2-59
2018-02-25 13:50:14,405 INFO o.a.j.t.JMeterThread: Thread finished: login Test 2-59
2018-02-25 13:50:14,408 INFO o.a.j.t.JMeterThread: Thread is done: login Test 2-93
2018-02-25 13:50:14,408 INFO o.a.j.t.JMeterThread: Thread finished: login Test 2-93
2018-02-25 13:50:14,416 INFO o.a.j.t.JMeterThread: Thread is done: login Test 2-28
2018-02-25 13:50:14,416 INFO o.a.j.t.JMeterThread: Thread finished: login Test 2-28
2018-02-25 13:50:14,464 INFO o.a.j.t.JMeterThread: Thread is done: login Test 2-76
2018-02-25 13:50:14,464 INFO o.a.j.t.JMeterThread: Thread finished: login Test 2-76
2018-02-25 13:50:14,465 INFO o.a.j.t.JMeterThread: Thread is done: login Test 2-79
2018-02-25 13:50:14,465 INFO o.a.j.t.JMeterThread: Thread finished: login Test 2-79
2018-02-25 13:50:14,478 INFO o.a.j.t.JMeterThread: Thread is done: login Test 2-41
2018-02-25 13:50:14,478 INFO o.a.j.t.JMeterThread: Thread finished: login Test 2-41
2018-02-25 13:50:14,495 INFO o.a.j.t.JMeterThread: Thread is done: login Test 2-69
2018-02-25 13:50:14,495 INFO o.a.j.t.JMeterThread: Thread finished: login Test 2-69
2018-02-25 13:50:14,498 INFO o.a.j.t.JMeterThread: Thread is done: login Test 2-86
2018-02-25 13:50:14,498 INFO o.a.j.t.JMeterThread: Thread finished: login Test 2-86
2018-02-25 13:50:14,511 INFO o.a.j.t.JMeterThread: Thread is done: login Test 2-33
2018-02-25 13:50:14,512 INFO o.a.j.t.JMeterThread: Thread finished: login Test 2-33
2018-02-25 13:50:14,512 INFO o.a.j.e.StandardJMeterEngine: Notifying test listeners of end of test
2018-02-25 13:50:14,512 INFO o.a.j.s.FileServer: Close: /home/callouswander/Workspace/myLocalGit/csye6225-spring2018/jmeter/userpasswordTestList.csv
2018-02-25 13:50:14,512 INFO o.a.j.s.FileServer: Close: /home/callouswander/Workspace/myLocalGit/csye6225-spring2018/jmeter/userTestList.csv
2018-02-25 13:50:14,513 INFO o.a.j.r.Summariser: summary =    300 in 00:00:09 =   32.1/s Avg:  4889 Min:   870 Max:  8571 Err:     0 (0.00%)
